#Build: Fabric Compiler 2020.3-Lite, Build 71107, Mar 15 18:01 2021
#Install: D:\pango\PDS_2020.3-Lite\bin
#Application name: pds_shell.exe
#OS: Windows 10 10.0.22000
#Hostname: LAPTOP-NN2U833S
Generated by Fabric Compiler (version 2020.3-Lite build 71107) at Thu Nov 11 23:08:49 2021
Compiling verification operator library.
Compiling common defs.
Loading technology operator library.
Compiling technology operator library.
Compiling technology operator (valence) library.
Reading design from compile DB
Reading design from compile DB successfully.
Constraint check start.
Compiling prim grid devices.
Building architecture model.
Loading device packaging model 'MBG324'.
Building architecture floorplan logic view.
Executing : get_ports jtag_TCK
Executing : get_ports jtag_TCK successfully.
Executing : create_clock -name jtag_TCK [get_ports jtag_TCK] -period 1000.000 -waveform {0.000 500.000}
Executing : create_clock -name jtag_TCK [get_ports jtag_TCK] -period 1000.000 -waveform {0.000 500.000} successfully.
Executing : get_clocks jtag_TCK
Executing : get_clocks jtag_TCK successfully.
Executing : set_clock_groups -name jtag_TCK -asynchronous -group [get_clocks jtag_TCK]
Executing : set_clock_groups -name jtag_TCK -asynchronous -group [get_clocks jtag_TCK] successfully.
Executing : define_attribute n:jtag_TCK PAP_CLOCK_DEDICATED_ROUTE FALSE
Executing : define_attribute n:jtag_TCK PAP_CLOCK_DEDICATED_ROUTE FALSE successfully.
C: ConstraintEditor-2007: [G:/FPGA_Competition/my_riscv_soc_sim_11.11/git_riscv.fdc] Port spi_clk lack of slew, output port and inout port had better set slew value, the default value is SLOW.
C: ConstraintEditor-2002: [G:/FPGA_Competition/my_riscv_soc_sim_11.11/git_riscv.fdc(line number: 35)] | Port spi_miso has been placed at location A4, whose type is share pin.
C: ConstraintEditor-2007: [G:/FPGA_Competition/my_riscv_soc_sim_11.11/git_riscv.fdc] Port spi_mosi lack of slew, output port and inout port had better set slew value, the default value is SLOW.
C: ConstraintEditor-2007: [G:/FPGA_Competition/my_riscv_soc_sim_11.11/git_riscv.fdc] Port spi_ss lack of slew, output port and inout port had better set slew value, the default value is SLOW.
W: ConstraintEditor-4019: Port 'uart_tx_pin' unspecified I/O constraint.
W: ConstraintEditor-4019: Port 'stop' unspecified I/O constraint.
W: ConstraintEditor-4019: Port 'uart_rx_pin' unspecified I/O constraint.
Constraint check end.
Executing : get_ports clk
Executing : get_ports clk successfully.
Executing : create_clock -name clk_Inferred [get_ports clk] -period 1000.000 -waveform {0.000 500.000} -add
Executing : create_clock -name clk_Inferred [get_ports clk] -period 1000.000 -waveform {0.000 500.000} -add successfully.
Executing : get_pins {top_dht22_inst/DHT22_drive_inst/clk_1m:Q[0]}
Executing : get_pins {top_dht22_inst/DHT22_drive_inst/clk_1m:Q[0]} successfully.
Executing : create_clock -name {top_dht22_inst/DHT22_drive_inst/clk_1m/Q[0]_Inferred} [get_pins {top_dht22_inst/DHT22_drive_inst/clk_1m:Q[0]}] -period 1000.000 -waveform {0.000 500.000} -add
Executing : create_clock -name {top_dht22_inst/DHT22_drive_inst/clk_1m/Q[0]_Inferred} [get_pins {top_dht22_inst/DHT22_drive_inst/clk_1m:Q[0]}] -period 1000.000 -waveform {0.000 500.000} -add successfully.
Executing : get_pins {top_dht22_inst/HEX8_inst/clk_1k:Q[0]}
Executing : get_pins {top_dht22_inst/HEX8_inst/clk_1k:Q[0]} successfully.
Executing : create_clock -name {top_dht22_inst/HEX8_inst/clk_1k/Q[0]_Inferred} [get_pins {top_dht22_inst/HEX8_inst/clk_1k:Q[0]}] -period 1000.000 -waveform {0.000 500.000} -add
Executing : create_clock -name {top_dht22_inst/HEX8_inst/clk_1k/Q[0]_Inferred} [get_pins {top_dht22_inst/HEX8_inst/clk_1k:Q[0]}] -period 1000.000 -waveform {0.000 500.000} -add successfully.
Executing : set_clock_groups -name Inferred_clock_group -asynchronous -group clk_Inferred
Executing : set_clock_groups -name Inferred_clock_group -asynchronous -group clk_Inferred successfully.
Executing : set_clock_groups -name Inferred_clock_group_0 -asynchronous -group {top_dht22_inst/DHT22_drive_inst/clk_1m/Q[0]_Inferred}
Executing : set_clock_groups -name Inferred_clock_group_0 -asynchronous -group {top_dht22_inst/DHT22_drive_inst/clk_1m/Q[0]_Inferred} successfully.
Executing : set_clock_groups -name Inferred_clock_group_1 -asynchronous -group {top_dht22_inst/HEX8_inst/clk_1k/Q[0]_Inferred}
Executing : set_clock_groups -name Inferred_clock_group_1 -asynchronous -group {top_dht22_inst/HEX8_inst/clk_1k/Q[0]_Inferred} successfully.
Executing : get_clocks jtag_TCK
Executing : get_clocks jtag_TCK successfully.
Executing : set_clock_groups -name jtag_TCK -asynchronous -group [get_clocks jtag_TCK]
Executing : set_clock_groups -name jtag_TCK -asynchronous -group [get_clocks jtag_TCK] successfully.
Executing : set_clock_groups -name Inferred_clock_group -asynchronous -group clk_Inferred
Executing : set_clock_groups -name Inferred_clock_group -asynchronous -group clk_Inferred successfully.
Executing : set_clock_groups -name Inferred_clock_group_0 -asynchronous -group {top_dht22_inst/DHT22_drive_inst/clk_1m/Q[0]_Inferred}
Executing : set_clock_groups -name Inferred_clock_group_0 -asynchronous -group {top_dht22_inst/DHT22_drive_inst/clk_1m/Q[0]_Inferred} successfully.
Executing : set_clock_groups -name Inferred_clock_group_1 -asynchronous -group {top_dht22_inst/HEX8_inst/clk_1k/Q[0]_Inferred}
Executing : set_clock_groups -name Inferred_clock_group_1 -asynchronous -group {top_dht22_inst/HEX8_inst/clk_1k/Q[0]_Inferred} successfully.
Start pre-mapping.
I: Encoding type of FSM 'csr_state[4:0]_fsm[4:0]' is: onehot.
I: Encoding table of FSM 'csr_state[4:0]_fsm[4:0]':
I: from  u_tinyriscv/u_clint/csr_state[4] u_tinyriscv/u_clint/csr_state[3] u_tinyriscv/u_clint/csr_state[2] u_tinyriscv/u_clint/csr_state[1] u_tinyriscv/u_clint/csr_state[0]
I: to  u_tinyriscv/u_clint/csr_state_4 u_tinyriscv/u_clint/csr_state_3 u_tinyriscv/u_clint/csr_state_2 u_tinyriscv/u_clint/csr_state_1 u_tinyriscv/u_clint/csr_state_0
I: 00001 => 00001
I: 00010 => 00010
I: 00100 => 00100
I: 01000 => 01000
I: 10000 => 10000
I: Encoding type of FSM 'state[3:0]_fsm[3:0]' is: onehot.
I: Encoding table of FSM 'state[3:0]_fsm[3:0]':
I: from  u_tinyriscv/u_div/state[3] u_tinyriscv/u_div/state[2] u_tinyriscv/u_div/state[1] u_tinyriscv/u_div/state[0]
I: to  u_tinyriscv/u_div/state_3 u_tinyriscv/u_div/state_2 u_tinyriscv/u_div/state_1 u_tinyriscv/u_div/state_0
I: 0001 => 0001
I: 0010 => 0010
I: 0100 => 0100
I: 1000 => 1000
I: Encoding type of FSM 'state[3:0]_fsm[3:0]' is: onehot.
I: Encoding table of FSM 'state[3:0]_fsm[3:0]':
I: from  uart_0/state[3] uart_0/state[2] uart_0/state[1] uart_0/state[0]
I: to  uart_0/state_3 uart_0/state_2 uart_0/state_1 uart_0/state_0
I: 0001 => 0001
I: 0010 => 0010
I: 0100 => 0100
I: 1000 => 1000
I: Encoding type of FSM 'state[1:0]_fsm[1:0]' is: onehot.
I: Encoding table of FSM 'state[1:0]_fsm[1:0]':
I: from  u_jtag_top/u_jtag_dm/rx/state[1] u_jtag_top/u_jtag_dm/rx/state[0]
I: to  u_jtag_top/u_jtag_dm/rx/state_1 u_jtag_top/u_jtag_dm/rx/state_0
I: 01 => 01
I: 10 => 10
W: Public-4008: Instance 'state_1' of 'bmsWIDEDFFCPE' unit is dangling and will be cleaned.
I: Encoding type of FSM 'state[2:0]_fsm[2:0]' is: onehot.
I: Encoding table of FSM 'state[2:0]_fsm[2:0]':
I: from  u_jtag_top/u_jtag_dm/tx/state[2] u_jtag_top/u_jtag_dm/tx/state[1] u_jtag_top/u_jtag_dm/tx/state[0]
I: to  u_jtag_top/u_jtag_dm/tx/state_2 u_jtag_top/u_jtag_dm/tx/state_1 u_jtag_top/u_jtag_dm/tx/state_0
I: 001 => 001
I: 010 => 010
I: 100 => 100
I: Encoding type of FSM 'jtag_state[3:0]_fsm[3:0]' is: onehot.
I: Encoding table of FSM 'jtag_state[3:0]_fsm[3:0]':
I: from  u_jtag_top/u_jtag_driver/jtag_state[3] u_jtag_top/u_jtag_driver/jtag_state[2] u_jtag_top/u_jtag_driver/jtag_state[1] u_jtag_top/u_jtag_driver/jtag_state[0]
I: to  u_jtag_top/u_jtag_driver/jtag_state_15 u_jtag_top/u_jtag_driver/jtag_state_14 u_jtag_top/u_jtag_driver/jtag_state_13 u_jtag_top/u_jtag_driver/jtag_state_12 u_jtag_top/u_jtag_driver/jtag_state_11 u_jtag_top/u_jtag_driver/jtag_state_10 u_jtag_top/u_jtag_driver/jtag_state_9 u_jtag_top/u_jtag_driver/jtag_state_8 u_jtag_top/u_jtag_driver/jtag_state_7 u_jtag_top/u_jtag_driver/jtag_state_6 u_jtag_top/u_jtag_driver/jtag_state_5 u_jtag_top/u_jtag_driver/jtag_state_4 u_jtag_top/u_jtag_driver/jtag_state_3 u_jtag_top/u_jtag_driver/jtag_state_2 u_jtag_top/u_jtag_driver/jtag_state_1 u_jtag_top/u_jtag_driver/jtag_state_0
I: 0000 => 0000000000000001
I: 0001 => 0000000000000010
I: 0010 => 0000000000000100
I: 0011 => 0000000000001000
I: 0100 => 0000000000010000
I: 0101 => 0000000000100000
I: 0110 => 0000000001000000
I: 0111 => 0000000010000000
I: 1000 => 0000000100000000
I: 1001 => 0000001000000000
I: 1010 => 0000010000000000
I: 1011 => 0000100000000000
I: 1100 => 0001000000000000
I: 1101 => 0010000000000000
I: 1110 => 0100000000000000
I: 1111 => 1000000000000000
I: Encoding type of FSM 'state[1:0]_fsm[1:0]' is: onehot.
I: Encoding table of FSM 'state[1:0]_fsm[1:0]':
I: from  u_jtag_top/u_jtag_driver/rx/state[1] u_jtag_top/u_jtag_driver/rx/state[0]
I: to  u_jtag_top/u_jtag_driver/rx/state_1 u_jtag_top/u_jtag_driver/rx/state_0
I: 01 => 01
I: 10 => 10
W: Public-4008: Instance 'state_1' of 'bmsWIDEDFFCPE' unit is dangling and will be cleaned.
I: Encoding type of FSM 'state[2:0]_fsm[2:0]' is: onehot.
I: Encoding table of FSM 'state[2:0]_fsm[2:0]':
I: from  u_jtag_top/u_jtag_driver/tx/state[2] u_jtag_top/u_jtag_driver/tx/state[1] u_jtag_top/u_jtag_driver/tx/state[0]
I: to  u_jtag_top/u_jtag_driver/tx/state_2 u_jtag_top/u_jtag_driver/tx/state_1 u_jtag_top/u_jtag_driver/tx/state_0
I: 001 => 001
I: 010 => 010
I: 100 => 100
I: Constant propagation done on u_tinyriscv/u_id_ex/csr_we_ff/N4 (bmsWIDEMUX).
I: Constant propagation done on u_tinyriscv/u_id_ex/reg_we_ff/N4 (bmsWIDEMUX).
I: Constant propagation done on u_tinyriscv/u_id_ex/reg2_rdata_ff/qout_r_rst[31:0] (bmsREDOR).
I: Constant propagation done on u_tinyriscv/u_id_ex/inst_addr_ff/qout_r_rst[31:0] (bmsREDOR).
I: Constant propagation done on u_tinyriscv/u_id_ex/op2_ff/qout_r_rst[31:0] (bmsREDOR).
I: Constant propagation done on u_tinyriscv/u_id_ex/reg_waddr_ff/qout_r_rst[4:0] (bmsREDOR).
I: Constant propagation done on u_tinyriscv/u_id_ex/reg1_rdata_ff/qout_r_rst[31:0] (bmsREDOR).
I: Constant propagation done on u_tinyriscv/u_id_ex/op2_jump_ff/qout_r_rst[31:0] (bmsREDOR).
I: Constant propagation done on u_tinyriscv/u_id_ex/op1_jump_ff/qout_r_rst[31:0] (bmsREDOR).
I: Constant propagation done on u_tinyriscv/u_id_ex/csr_rdata_ff/qout_r_rst[31:0] (bmsREDOR).
Executing : pre-mapping successfully.
Start mod-gen.
W: Public-4008: Instance 'u_id_ex/inst_addr_ff/qout_r[31:0]' of 'bmsWIDEDFFRSE' unit is dangling and will be cleaned.
W: Public-4008: Instance 'hc05_top_inst/uart_rx_inst/po_flag' of 'bmsWIDEDFFCPE' unit is dangling and will be cleaned.
W: Public-4008: Instance 'hc05_top_inst/uart_rx_inst/rx_data[7:0]' of 'bmsWIDEDFFCPE' unit is dangling and will be cleaned.
W: Public-4008: Instance 'hc05_top_inst/uart_rx_inst/rx_flag' of 'bmsWIDEDFFCPE' unit is dangling and will be cleaned.
W: Public-4008: Instance 'hc05_top_inst/uart_rx_inst/rx_reg1' of 'bmsWIDEDFFCPE' unit is dangling and will be cleaned.
W: Public-4008: Instance 'hc05_top_inst/uart_rx_inst/rx_reg2' of 'bmsWIDEDFFCPE' unit is dangling and will be cleaned.
W: Public-4008: Instance 'hc05_top_inst/uart_rx_inst/rx_reg3' of 'bmsWIDEDFFCPE' unit is dangling and will be cleaned.
W: Public-4008: Instance 'hc05_top_inst/uart_rx_inst/start_nedge' of 'bmsWIDEDFFCPE' unit is dangling and will be cleaned.
W: Public-4008: Instance 'hc05_top_inst/uart_rx_inst/work_en' of 'bmsWIDEDFFCPE' unit is dangling and will be cleaned.
W: Public-4008: Instance 'bcd_8421_inst0/data_shift[28]' of 'bmsWIDEDFFCPE' unit is dangling and will be cleaned.
W: Public-4008: Instance 'bcd_8421_inst0/data_shift[29]' of 'bmsWIDEDFFCPE' unit is dangling and will be cleaned.
W: Public-4008: Instance 'bcd_8421_inst0/data_shift[30]' of 'bmsWIDEDFFCPE' unit is dangling and will be cleaned.
W: Public-4008: Instance 'bcd_8421_inst0/data_shift[31]' of 'bmsWIDEDFFCPE' unit is dangling and will be cleaned.
W: Public-4008: Instance 'bcd_8421_inst0/tho[3:0]' of 'bmsWIDEDFFCPE' unit is dangling and will be cleaned.
W: Public-4008: Instance 'bcd_8421_inst1/data_shift[28]' of 'bmsWIDEDFFCPE' unit is dangling and will be cleaned.
W: Public-4008: Instance 'bcd_8421_inst1/data_shift[29]' of 'bmsWIDEDFFCPE' unit is dangling and will be cleaned.
W: Public-4008: Instance 'bcd_8421_inst1/data_shift[30]' of 'bmsWIDEDFFCPE' unit is dangling and will be cleaned.
W: Public-4008: Instance 'bcd_8421_inst1/data_shift[31]' of 'bmsWIDEDFFCPE' unit is dangling and will be cleaned.
W: Public-4008: Instance 'bcd_8421_inst1/tho[3:0]' of 'bmsWIDEDFFCPE' unit is dangling and will be cleaned.
W: Public-4008: Instance 'hc05_top_inst/uart_rx_inst/baud_cnt[12:0]' of 'bmsWIDEDFFCPE' unit is dangling and will be cleaned.
W: Public-4008: Instance 'hc05_top_inst/uart_rx_inst/bit_cnt[3:0]' of 'bmsWIDEDFFCPE' unit is dangling and will be cleaned.
W: Public-4008: Instance 'hc05_top_inst/uart_rx_inst/bit_flag' of 'bmsWIDEDFFCPE' unit is dangling and will be cleaned.
W: Public-4008: Instance 'hc05_top_inst/uart_rx_inst/po_data[7:0]' of 'bmsWIDEDFFCPE' unit is dangling and will be cleaned.
W: Public-4008: Instance 'tx/idle' of 'bmsWIDEDFFCPE' unit is dangling and will be cleaned.
W: Public-4008: Instance 'u_tinyriscv/u_regs/regs_1[26][31:0]' of 'bmsWIDEDFFRSE' unit is dangling and will be cleaned.
W: Public-4008: Instance 'u_tinyriscv/u_regs/regs_1[27][31:0]' of 'bmsWIDEDFFRSE' unit is dangling and will be cleaned.
W: Public-4008: Instance 'top_dht22_inst/led_reg' of 'bmsWIDEDFFCPE' unit is dangling and will be cleaned.
W: Register u_tinyriscv/u_if_id/int_ff/qout_r[1] is reduced to constant 0.
W: Register u_tinyriscv/u_if_id/int_ff/qout_r[2] is reduced to constant 0.
W: Register u_tinyriscv/u_if_id/int_ff/qout_r[3] is reduced to constant 0.
W: Register u_tinyriscv/u_if_id/int_ff/qout_r[4] is reduced to constant 0.
W: Register u_tinyriscv/u_if_id/int_ff/qout_r[5] is reduced to constant 0.
W: Register u_tinyriscv/u_if_id/int_ff/qout_r[6] is reduced to constant 0.
W: Register u_tinyriscv/u_if_id/int_ff/qout_r[7] is reduced to constant 0.
W: Register uart_0/uart_rx[8] is reduced to constant 0.
W: Register uart_0/uart_rx[9] is reduced to constant 0.
W: Register uart_0/uart_rx[10] is reduced to constant 0.
W: Register uart_0/uart_rx[11] is reduced to constant 0.
W: Register uart_0/uart_rx[12] is reduced to constant 0.
W: Register uart_0/uart_rx[13] is reduced to constant 0.
W: Register uart_0/uart_rx[14] is reduced to constant 0.
W: Register uart_0/uart_rx[15] is reduced to constant 0.
W: Register uart_0/uart_rx[16] is reduced to constant 0.
W: Register uart_0/uart_rx[17] is reduced to constant 0.
W: Register uart_0/uart_rx[18] is reduced to constant 0.
W: Register uart_0/uart_rx[19] is reduced to constant 0.
W: Register uart_0/uart_rx[20] is reduced to constant 0.
W: Register uart_0/uart_rx[21] is reduced to constant 0.
W: Register uart_0/uart_rx[22] is reduced to constant 0.
W: Register uart_0/uart_rx[23] is reduced to constant 0.
W: Register uart_0/uart_rx[24] is reduced to constant 0.
W: Register uart_0/uart_rx[25] is reduced to constant 0.
W: Register uart_0/uart_rx[26] is reduced to constant 0.
W: Register uart_0/uart_rx[27] is reduced to constant 0.
W: Register uart_0/uart_rx[28] is reduced to constant 0.
W: Register uart_0/uart_rx[29] is reduced to constant 0.
W: Register uart_0/uart_rx[30] is reduced to constant 0.
W: Register uart_0/uart_rx[31] is reduced to constant 0.
W: Register u_pwm/hum_flag[1] is reduced to constant 0.
W: Register u_pwm/hum_flag[2] is reduced to constant 0.
W: Register u_pwm/hum_flag[3] is reduced to constant 0.
W: Register u_pwm/hum_flag[4] is reduced to constant 0.
W: Register u_pwm/hum_flag[5] is reduced to constant 0.
W: Register u_pwm/hum_flag[6] is reduced to constant 0.
W: Register u_pwm/hum_flag[7] is reduced to constant 0.
W: Register u_pwm/hum_flag[8] is reduced to constant 0.
W: Register u_pwm/hum_flag[9] is reduced to constant 0.
W: Register u_jtag_top/u_jtag_dm/dcsr[0] is reduced to constant 0.
W: Register u_jtag_top/u_jtag_dm/dcsr[1] is reduced to constant 0.
W: Register u_jtag_top/u_jtag_dm/dcsr[2] is reduced to constant 0.
W: Register u_jtag_top/u_jtag_dm/dcsr[3] is reduced to constant 0.
W: Register u_jtag_top/u_jtag_dm/dcsr[4] is reduced to constant 0.
W: Register u_jtag_top/u_jtag_dm/dcsr[5] is reduced to constant 0.
W: Register u_jtag_top/u_jtag_dm/dcsr[8] is reduced to constant 0.
W: Register u_jtag_top/u_jtag_dm/dcsr[9] is reduced to constant 0.
W: Register u_jtag_top/u_jtag_dm/dcsr[10] is reduced to constant 0.
W: Register u_jtag_top/u_jtag_dm/dcsr[11] is reduced to constant 0.
W: Register u_jtag_top/u_jtag_dm/dcsr[12] is reduced to constant 0.
W: Register u_jtag_top/u_jtag_dm/dcsr[13] is reduced to constant 0.
W: Register u_jtag_top/u_jtag_dm/dcsr[14] is reduced to constant 0.
W: Register u_jtag_top/u_jtag_dm/dcsr[15] is reduced to constant 0.
W: Register u_jtag_top/u_jtag_dm/dcsr[16] is reduced to constant 0.
W: Register u_jtag_top/u_jtag_dm/dcsr[17] is reduced to constant 0.
W: Register u_jtag_top/u_jtag_dm/dcsr[18] is reduced to constant 0.
W: Register u_jtag_top/u_jtag_dm/dcsr[19] is reduced to constant 0.
W: Register u_jtag_top/u_jtag_dm/dcsr[20] is reduced to constant 0.
W: Register u_jtag_top/u_jtag_dm/dcsr[21] is reduced to constant 0.
W: Register u_jtag_top/u_jtag_dm/dcsr[22] is reduced to constant 0.
W: Register u_jtag_top/u_jtag_dm/dcsr[23] is reduced to constant 0.
W: Register u_jtag_top/u_jtag_dm/dcsr[24] is reduced to constant 0.
W: Register u_jtag_top/u_jtag_dm/dcsr[25] is reduced to constant 0.
W: Register u_jtag_top/u_jtag_dm/dcsr[26] is reduced to constant 0.
W: Register u_jtag_top/u_jtag_dm/dcsr[27] is reduced to constant 0.
W: Register u_jtag_top/u_jtag_dm/dcsr[28] is reduced to constant 0.
W: Register u_jtag_top/u_jtag_dm/dcsr[29] is reduced to constant 0.
W: Register u_jtag_top/u_jtag_dm/dcsr[30] is reduced to constant 0.
W: Register u_jtag_top/u_jtag_dm/dcsr[31] is reduced to constant 0.
I: Removed bmsWIDEDFFCPE inst u_jtag_top/u_jtag_dm/dcsr[7] that is redundant to u_jtag_top/u_jtag_dm/dcsr[6]
Executing : mod-gen successfully.
Start logic-optimization.
I: Removed bmsWIDEMUX inst u_tinyriscv/u_ex/reg_wdata_18 that is redundant to u_tinyriscv/u_ex/N295_7
I: Removed bmsWIDEMUX inst u_tinyriscv/u_ex/reg_wdata_19 that is redundant to u_tinyriscv/u_ex/N295_8
Executing : logic-optimization successfully.
Start tech-mapping phase 1.
W: Public-4008: Instance 'u_tinyriscv/u_clint/waddr_o[12]' of 'GTP_DFF_R' unit is dangling and will be cleaned.
W: Public-4008: Instance 'u_tinyriscv/u_clint/waddr_o[13]' of 'GTP_DFF_R' unit is dangling and will be cleaned.
W: Public-4008: Instance 'u_tinyriscv/u_clint/waddr_o[14]' of 'GTP_DFF_R' unit is dangling and will be cleaned.
W: Public-4008: Instance 'u_tinyriscv/u_clint/waddr_o[15]' of 'GTP_DFF_R' unit is dangling and will be cleaned.
W: Public-4008: Instance 'u_tinyriscv/u_clint/waddr_o[16]' of 'GTP_DFF_R' unit is dangling and will be cleaned.
W: Public-4008: Instance 'u_tinyriscv/u_clint/waddr_o[17]' of 'GTP_DFF_R' unit is dangling and will be cleaned.
W: Public-4008: Instance 'u_tinyriscv/u_clint/waddr_o[18]' of 'GTP_DFF_R' unit is dangling and will be cleaned.
W: Public-4008: Instance 'u_tinyriscv/u_clint/waddr_o[19]' of 'GTP_DFF_R' unit is dangling and will be cleaned.
W: Public-4008: Instance 'u_tinyriscv/u_clint/waddr_o[20]' of 'GTP_DFF_R' unit is dangling and will be cleaned.
W: Public-4008: Instance 'u_tinyriscv/u_clint/waddr_o[21]' of 'GTP_DFF_R' unit is dangling and will be cleaned.
W: Public-4008: Instance 'u_tinyriscv/u_clint/waddr_o[22]' of 'GTP_DFF_R' unit is dangling and will be cleaned.
W: Public-4008: Instance 'u_tinyriscv/u_clint/waddr_o[23]' of 'GTP_DFF_R' unit is dangling and will be cleaned.
W: Public-4008: Instance 'u_tinyriscv/u_clint/waddr_o[24]' of 'GTP_DFF_R' unit is dangling and will be cleaned.
W: Public-4008: Instance 'u_tinyriscv/u_clint/waddr_o[25]' of 'GTP_DFF_R' unit is dangling and will be cleaned.
W: Public-4008: Instance 'u_tinyriscv/u_clint/waddr_o[26]' of 'GTP_DFF_R' unit is dangling and will be cleaned.
W: Public-4008: Instance 'u_tinyriscv/u_clint/waddr_o[27]' of 'GTP_DFF_R' unit is dangling and will be cleaned.
W: Public-4008: Instance 'u_tinyriscv/u_clint/waddr_o[28]' of 'GTP_DFF_R' unit is dangling and will be cleaned.
W: Public-4008: Instance 'u_tinyriscv/u_clint/waddr_o[29]' of 'GTP_DFF_R' unit is dangling and will be cleaned.
W: Public-4008: Instance 'u_tinyriscv/u_clint/waddr_o[30]' of 'GTP_DFF_R' unit is dangling and will be cleaned.
W: Public-4008: Instance 'u_tinyriscv/u_clint/waddr_o[31]' of 'GTP_DFF_R' unit is dangling and will be cleaned.
W: Public-4008: Instance 'u_tinyriscv/u_id_ex/inst_ff/qout_r[9]' of 'GTP_DFF' unit is dangling and will be cleaned.
W: Public-4008: Instance 'u_tinyriscv/u_id_ex/inst_ff/qout_r[10]' of 'GTP_DFF' unit is dangling and will be cleaned.
W: Public-4008: Instance 'u_tinyriscv/u_id_ex/inst_ff/qout_r[11]' of 'GTP_DFF' unit is dangling and will be cleaned.
W: Public-4008: Instance 'u_tinyriscv/u_id_ex/csr_waddr_ff/qout_r[12]' of 'GTP_DFF_R' unit is dangling and will be cleaned.
W: Public-4008: Instance 'u_tinyriscv/u_id_ex/csr_waddr_ff/qout_r[13]' of 'GTP_DFF_R' unit is dangling and will be cleaned.
W: Public-4008: Instance 'u_tinyriscv/u_id_ex/csr_waddr_ff/qout_r[14]' of 'GTP_DFF_R' unit is dangling and will be cleaned.
W: Public-4008: Instance 'u_tinyriscv/u_id_ex/csr_waddr_ff/qout_r[15]' of 'GTP_DFF_R' unit is dangling and will be cleaned.
W: Public-4008: Instance 'u_tinyriscv/u_id_ex/csr_waddr_ff/qout_r[16]' of 'GTP_DFF_R' unit is dangling and will be cleaned.
W: Public-4008: Instance 'u_tinyriscv/u_id_ex/csr_waddr_ff/qout_r[17]' of 'GTP_DFF_R' unit is dangling and will be cleaned.
W: Public-4008: Instance 'u_tinyriscv/u_id_ex/csr_waddr_ff/qout_r[18]' of 'GTP_DFF_R' unit is dangling and will be cleaned.
W: Public-4008: Instance 'u_tinyriscv/u_id_ex/csr_waddr_ff/qout_r[19]' of 'GTP_DFF_R' unit is dangling and will be cleaned.
W: Public-4008: Instance 'u_tinyriscv/u_id_ex/csr_waddr_ff/qout_r[20]' of 'GTP_DFF_R' unit is dangling and will be cleaned.
W: Public-4008: Instance 'u_tinyriscv/u_id_ex/csr_waddr_ff/qout_r[21]' of 'GTP_DFF_R' unit is dangling and will be cleaned.
W: Public-4008: Instance 'u_tinyriscv/u_id_ex/csr_waddr_ff/qout_r[22]' of 'GTP_DFF_R' unit is dangling and will be cleaned.
W: Public-4008: Instance 'u_tinyriscv/u_id_ex/csr_waddr_ff/qout_r[23]' of 'GTP_DFF_R' unit is dangling and will be cleaned.
W: Public-4008: Instance 'u_tinyriscv/u_id_ex/csr_waddr_ff/qout_r[24]' of 'GTP_DFF_R' unit is dangling and will be cleaned.
W: Public-4008: Instance 'u_tinyriscv/u_id_ex/csr_waddr_ff/qout_r[25]' of 'GTP_DFF_R' unit is dangling and will be cleaned.
W: Public-4008: Instance 'u_tinyriscv/u_id_ex/csr_waddr_ff/qout_r[26]' of 'GTP_DFF_R' unit is dangling and will be cleaned.
W: Public-4008: Instance 'u_tinyriscv/u_id_ex/csr_waddr_ff/qout_r[27]' of 'GTP_DFF_R' unit is dangling and will be cleaned.
W: Public-4008: Instance 'u_tinyriscv/u_id_ex/csr_waddr_ff/qout_r[28]' of 'GTP_DFF_R' unit is dangling and will be cleaned.
W: Public-4008: Instance 'u_tinyriscv/u_id_ex/csr_waddr_ff/qout_r[29]' of 'GTP_DFF_R' unit is dangling and will be cleaned.
W: Public-4008: Instance 'u_tinyriscv/u_id_ex/csr_waddr_ff/qout_r[30]' of 'GTP_DFF_R' unit is dangling and will be cleaned.
W: Public-4008: Instance 'u_tinyriscv/u_id_ex/csr_waddr_ff/qout_r[31]' of 'GTP_DFF_R' unit is dangling and will be cleaned.
I: Removed GTP_DFF_R inst u_tinyriscv/u_clint/waddr_o[9] that is redundant to u_tinyriscv/u_clint/waddr_o[8]
I: Removed GTP_DFF_R inst u_tinyriscv/u_clint/we_o that is redundant to u_tinyriscv/u_clint/waddr_o[8]
I: Removed GTP_DFF_R inst u_tinyriscv/u_id_ex/op2_jump_ff/qout_r[21] that is redundant to u_tinyriscv/u_id_ex/op2_jump_ff/qout_r[20]
I: Removed GTP_DFF_R inst u_tinyriscv/u_id_ex/op2_jump_ff/qout_r[22] that is redundant to u_tinyriscv/u_id_ex/op2_jump_ff/qout_r[20]
I: Removed GTP_DFF_R inst u_tinyriscv/u_id_ex/op2_jump_ff/qout_r[23] that is redundant to u_tinyriscv/u_id_ex/op2_jump_ff/qout_r[20]
I: Removed GTP_DFF_R inst u_tinyriscv/u_id_ex/op2_jump_ff/qout_r[24] that is redundant to u_tinyriscv/u_id_ex/op2_jump_ff/qout_r[20]
I: Removed GTP_DFF_R inst u_tinyriscv/u_id_ex/op2_jump_ff/qout_r[25] that is redundant to u_tinyriscv/u_id_ex/op2_jump_ff/qout_r[20]
I: Removed GTP_DFF_R inst u_tinyriscv/u_id_ex/op2_jump_ff/qout_r[26] that is redundant to u_tinyriscv/u_id_ex/op2_jump_ff/qout_r[20]
I: Removed GTP_DFF_R inst u_tinyriscv/u_id_ex/op2_jump_ff/qout_r[27] that is redundant to u_tinyriscv/u_id_ex/op2_jump_ff/qout_r[20]
I: Removed GTP_DFF_R inst u_tinyriscv/u_id_ex/op2_jump_ff/qout_r[28] that is redundant to u_tinyriscv/u_id_ex/op2_jump_ff/qout_r[20]
I: Removed GTP_DFF_R inst u_tinyriscv/u_id_ex/op2_jump_ff/qout_r[29] that is redundant to u_tinyriscv/u_id_ex/op2_jump_ff/qout_r[20]
I: Removed GTP_DFF_R inst u_tinyriscv/u_id_ex/op2_jump_ff/qout_r[30] that is redundant to u_tinyriscv/u_id_ex/op2_jump_ff/qout_r[20]
I: Removed GTP_DFF_R inst u_tinyriscv/u_id_ex/op2_jump_ff/qout_r[31] that is redundant to u_tinyriscv/u_id_ex/op2_jump_ff/qout_r[20]
I: Removed GTP_DFF_RE inst u_tinyriscv/u_clint/cause[31] that is redundant to u_tinyriscv/u_clint/cause[2]
I: Removed GTP_DFF_CE inst u_jtag_top/u_jtag_dm/tx/req_data[1] that is redundant to u_jtag_top/u_jtag_dm/tx/req_data[0]
I: Removed GTP_DFF_PE inst u_jtag_top/u_jtag_dm/dmstatus[11] that is redundant to u_jtag_top/u_jtag_dm/dmstatus[10]
I: Removed GTP_DFF_RE inst u_tinyriscv/u_clint/cause[5] that is redundant to u_tinyriscv/u_clint/cause[4]
I: Removed GTP_DFF_RE inst u_tinyriscv/u_clint/cause[6] that is redundant to u_tinyriscv/u_clint/cause[4]
I: Removed GTP_DFF_RE inst u_tinyriscv/u_clint/cause[7] that is redundant to u_tinyriscv/u_clint/cause[4]
I: Removed GTP_DFF_RE inst u_tinyriscv/u_clint/cause[8] that is redundant to u_tinyriscv/u_clint/cause[4]
I: Removed GTP_DFF_RE inst u_tinyriscv/u_clint/cause[9] that is redundant to u_tinyriscv/u_clint/cause[4]
I: Removed GTP_DFF_RE inst u_tinyriscv/u_clint/cause[10] that is redundant to u_tinyriscv/u_clint/cause[4]
I: Removed GTP_DFF_RE inst u_tinyriscv/u_clint/cause[11] that is redundant to u_tinyriscv/u_clint/cause[4]
I: Removed GTP_DFF_RE inst u_tinyriscv/u_clint/cause[12] that is redundant to u_tinyriscv/u_clint/cause[4]
I: Removed GTP_DFF_RE inst u_tinyriscv/u_clint/cause[13] that is redundant to u_tinyriscv/u_clint/cause[4]
I: Removed GTP_DFF_RE inst u_tinyriscv/u_clint/cause[14] that is redundant to u_tinyriscv/u_clint/cause[4]
I: Removed GTP_DFF_RE inst u_tinyriscv/u_clint/cause[15] that is redundant to u_tinyriscv/u_clint/cause[4]
I: Removed GTP_DFF_RE inst u_tinyriscv/u_clint/cause[16] that is redundant to u_tinyriscv/u_clint/cause[4]
I: Removed GTP_DFF_RE inst u_tinyriscv/u_clint/cause[17] that is redundant to u_tinyriscv/u_clint/cause[4]
I: Removed GTP_DFF_RE inst u_tinyriscv/u_clint/cause[18] that is redundant to u_tinyriscv/u_clint/cause[4]
I: Removed GTP_DFF_RE inst u_tinyriscv/u_clint/cause[19] that is redundant to u_tinyriscv/u_clint/cause[4]
I: Removed GTP_DFF_RE inst u_tinyriscv/u_clint/cause[20] that is redundant to u_tinyriscv/u_clint/cause[4]
I: Removed GTP_DFF_RE inst u_tinyriscv/u_clint/cause[21] that is redundant to u_tinyriscv/u_clint/cause[4]
I: Removed GTP_DFF_RE inst u_tinyriscv/u_clint/cause[22] that is redundant to u_tinyriscv/u_clint/cause[4]
I: Removed GTP_DFF_RE inst u_tinyriscv/u_clint/cause[23] that is redundant to u_tinyriscv/u_clint/cause[4]
I: Removed GTP_DFF_RE inst u_tinyriscv/u_clint/cause[24] that is redundant to u_tinyriscv/u_clint/cause[4]
I: Removed GTP_DFF_RE inst u_tinyriscv/u_clint/cause[25] that is redundant to u_tinyriscv/u_clint/cause[4]
I: Removed GTP_DFF_RE inst u_tinyriscv/u_clint/cause[26] that is redundant to u_tinyriscv/u_clint/cause[4]
I: Removed GTP_DFF_RE inst u_tinyriscv/u_clint/cause[27] that is redundant to u_tinyriscv/u_clint/cause[4]
I: Removed GTP_DFF_RE inst u_tinyriscv/u_clint/cause[28] that is redundant to u_tinyriscv/u_clint/cause[4]
I: Removed GTP_DFF_RE inst u_tinyriscv/u_clint/cause[29] that is redundant to u_tinyriscv/u_clint/cause[4]
I: Removed GTP_DFF_RE inst u_tinyriscv/u_clint/cause[30] that is redundant to u_tinyriscv/u_clint/cause[4]
I: Removed GTP_DFF_R inst u_tinyriscv/u_clint/waddr_o[3] that is redundant to u_tinyriscv/u_clint/waddr_o[2]
I: Removed GTP_DFF_R inst u_tinyriscv/u_clint/waddr_o[4] that is redundant to u_tinyriscv/u_clint/waddr_o[2]
I: Removed GTP_DFF_R inst u_tinyriscv/u_clint/waddr_o[5] that is redundant to u_tinyriscv/u_clint/waddr_o[2]
I: Removed GTP_DFF_R inst u_tinyriscv/u_clint/waddr_o[7] that is redundant to u_tinyriscv/u_clint/waddr_o[2]
I: Removed GTP_DFF_R inst u_tinyriscv/u_clint/waddr_o[10] that is redundant to u_tinyriscv/u_clint/waddr_o[2]
I: Removed GTP_DFF_R inst u_tinyriscv/u_clint/waddr_o[11] that is redundant to u_tinyriscv/u_clint/waddr_o[2]
I: Removed GTP_DFF_CE inst u_jtag_top/u_jtag_dm/dmstatus[9] that is redundant to u_jtag_top/u_jtag_dm/dmstatus[8]
I: Removed GTP_DFF_CE inst u_jtag_top/u_jtag_dm/dmstatus[8] that is redundant to u_jtag_top/u_jtag_dm/dm_halt_req
I: Removed GTP_DFF_CE inst u_jtag_top/u_jtag_driver/rx/recv_data[1] that is redundant to u_jtag_top/u_jtag_driver/rx/recv_data[0]
I: Removed GTP_DFF_CE inst u_jtag_top/u_jtag_driver/dm_resp_data[1] that is redundant to u_jtag_top/u_jtag_driver/dm_resp_data[0]
W: Removed GTP_DFF_CE inst u_jtag_top/u_jtag_dm/dmstatus[0] that is stuck at constant 0.
W: Removed GTP_DFF_CE inst u_jtag_top/u_jtag_dm/dmstatus[2] that is stuck at constant 0.
W: Removed GTP_DFF_CE inst u_jtag_top/u_jtag_dm/dmstatus[3] that is stuck at constant 0.
W: Removed GTP_DFF_CE inst u_jtag_top/u_jtag_dm/dmstatus[4] that is stuck at constant 0.
W: Removed GTP_DFF_CE inst u_jtag_top/u_jtag_dm/dmstatus[5] that is stuck at constant 0.
W: Removed GTP_DFF_CE inst u_jtag_top/u_jtag_dm/dmstatus[6] that is stuck at constant 0.
W: Removed GTP_DFF_CE inst u_jtag_top/u_jtag_dm/abstractcs[31] that is stuck at constant 0.
W: Removed GTP_DFF_CE inst u_jtag_top/u_jtag_dm/abstractcs[30] that is stuck at constant 0.
W: Removed GTP_DFF_CE inst u_jtag_top/u_jtag_dm/dmstatus[12] that is stuck at constant 0.
W: Removed GTP_DFF_CE inst u_jtag_top/u_jtag_dm/dmstatus[13] that is stuck at constant 0.
W: Removed GTP_DFF_CE inst u_jtag_top/u_jtag_dm/dmstatus[14] that is stuck at constant 0.
W: Removed GTP_DFF_CE inst u_jtag_top/u_jtag_dm/dmstatus[15] that is stuck at constant 0.
W: Removed GTP_DFF_CE inst u_jtag_top/u_jtag_dm/dmstatus[18] that is stuck at constant 0.
W: Removed GTP_DFF_CE inst u_jtag_top/u_jtag_dm/dmstatus[19] that is stuck at constant 0.
W: Removed GTP_DFF_CE inst u_jtag_top/u_jtag_dm/dmstatus[20] that is stuck at constant 0.
W: Removed GTP_DFF_CE inst u_jtag_top/u_jtag_dm/dmstatus[21] that is stuck at constant 0.
W: Removed GTP_DFF_CE inst u_jtag_top/u_jtag_dm/dmstatus[23] that is stuck at constant 0.
W: Removed GTP_DFF_CE inst u_jtag_top/u_jtag_dm/dmstatus[24] that is stuck at constant 0.
W: Removed GTP_DFF_CE inst u_jtag_top/u_jtag_dm/dmstatus[25] that is stuck at constant 0.
W: Removed GTP_DFF_CE inst u_jtag_top/u_jtag_dm/dmstatus[26] that is stuck at constant 0.
W: Removed GTP_DFF_CE inst u_jtag_top/u_jtag_dm/dmstatus[27] that is stuck at constant 0.
W: Removed GTP_DFF_CE inst u_jtag_top/u_jtag_dm/dmstatus[28] that is stuck at constant 0.
W: Removed GTP_DFF_CE inst u_jtag_top/u_jtag_dm/dmstatus[29] that is stuck at constant 0.
W: Removed GTP_DFF_CE inst u_jtag_top/u_jtag_dm/dmstatus[30] that is stuck at constant 0.
W: Removed GTP_DFF_CE inst u_jtag_top/u_jtag_dm/dmstatus[31] that is stuck at constant 0.
W: Removed GTP_DFF_PE inst u_jtag_top/u_jtag_dm/abstractcs[24] that is stuck at constant 1.
W: Removed GTP_DFF_CE inst u_jtag_top/u_jtag_dm/abstractcs[25] that is stuck at constant 0.
W: Removed GTP_DFF_CE inst u_jtag_top/u_jtag_dm/abstractcs[26] that is stuck at constant 0.
W: Removed GTP_DFF_CE inst u_jtag_top/u_jtag_dm/abstractcs[27] that is stuck at constant 0.
W: Removed GTP_DFF_CE inst u_jtag_top/u_jtag_dm/abstractcs[28] that is stuck at constant 0.
W: Removed GTP_DFF_CE inst u_jtag_top/u_jtag_dm/abstractcs[29] that is stuck at constant 0.
W: Removed GTP_DFF_PE inst u_jtag_top/u_jtag_dm/abstractcs[0] that is stuck at constant 1.
W: Removed GTP_DFF_PE inst u_jtag_top/u_jtag_dm/abstractcs[1] that is stuck at constant 1.
W: Removed GTP_DFF_CE inst u_jtag_top/u_jtag_dm/abstractcs[2] that is stuck at constant 0.
W: Removed GTP_DFF_CE inst u_jtag_top/u_jtag_dm/abstractcs[3] that is stuck at constant 0.
W: Removed GTP_DFF_CE inst u_jtag_top/u_jtag_dm/abstractcs[4] that is stuck at constant 0.
W: Removed GTP_DFF_CE inst u_jtag_top/u_jtag_dm/abstractcs[5] that is stuck at constant 0.
W: Removed GTP_DFF_CE inst u_jtag_top/u_jtag_dm/abstractcs[6] that is stuck at constant 0.
W: Removed GTP_DFF_CE inst u_jtag_top/u_jtag_dm/abstractcs[7] that is stuck at constant 0.
W: Removed GTP_DFF_CE inst u_jtag_top/u_jtag_dm/abstractcs[8] that is stuck at constant 0.
W: Removed GTP_DFF_CE inst u_jtag_top/u_jtag_dm/abstractcs[10] that is stuck at constant 0.
W: Removed GTP_DFF_CE inst u_jtag_top/u_jtag_dm/abstractcs[11] that is stuck at constant 0.
W: Removed GTP_DFF_CE inst u_jtag_top/u_jtag_dm/abstractcs[12] that is stuck at constant 0.
W: Removed GTP_DFF_CE inst u_jtag_top/u_jtag_dm/abstractcs[13] that is stuck at constant 0.
W: Removed GTP_DFF_CE inst u_jtag_top/u_jtag_dm/abstractcs[14] that is stuck at constant 0.
W: Removed GTP_DFF_CE inst u_jtag_top/u_jtag_dm/abstractcs[15] that is stuck at constant 0.
W: Removed GTP_DFF_CE inst u_jtag_top/u_jtag_dm/abstractcs[16] that is stuck at constant 0.
W: Removed GTP_DFF_CE inst u_jtag_top/u_jtag_dm/abstractcs[17] that is stuck at constant 0.
W: Removed GTP_DFF_CE inst u_jtag_top/u_jtag_dm/abstractcs[18] that is stuck at constant 0.
W: Removed GTP_DFF_CE inst u_jtag_top/u_jtag_dm/abstractcs[19] that is stuck at constant 0.
W: Removed GTP_DFF_CE inst u_jtag_top/u_jtag_dm/abstractcs[20] that is stuck at constant 0.
W: Removed GTP_DFF_CE inst u_jtag_top/u_jtag_dm/abstractcs[21] that is stuck at constant 0.
W: Removed GTP_DFF_CE inst u_jtag_top/u_jtag_dm/abstractcs[22] that is stuck at constant 0.
W: Removed GTP_DFF_CE inst u_jtag_top/u_jtag_dm/abstractcs[23] that is stuck at constant 0.
W: Removed GTP_DFF_R inst u_tinyriscv/u_clint/waddr_o[2] that is stuck at constant 0.
W: Removed GTP_DFF_RE inst u_tinyriscv/u_clint/cause[4] that is stuck at constant 0.
W: Removed GTP_DFF_CE inst u_jtag_top/u_jtag_dm/tx/req_data[0] that is stuck at constant 0.
W: Removed GTP_DFF_RE inst u_tinyriscv/u_div/count[31] that is stuck at constant 0.
W: Removed GTP_DFF_CE inst u_jtag_top/u_jtag_driver/rx/recv_data[0] that is stuck at constant 0.
W: Removed GTP_DFF_CE inst u_jtag_top/u_jtag_driver/dm_resp_data[0] that is stuck at constant 0.
Executing : tech-mapping phase 1 successfully.
Start tech-mapping phase 2.
