#Build: Fabric Compiler 2020.3-Lite, Build 71107, Mar 15 18:01 2021
#Install: D:\pango\PDS_2020.3-Lite\bin
#Application name: pds_shell.exe
#OS: Windows 10 10.0.22000
#Hostname: LAPTOP-NN2U833S
Generated by Fabric Compiler (version 2020.3-Lite build 71107) at Sat Nov 13 14:56:16 2021
Compiling verification operator library.
Compiling common defs.
Compiling prim grid devices.
Compiling gate devices.
Compiling gate operators.
Building architecture model.
Loading device packaging model 'MBG324'.
Reading design from DB.
Start Generating Programming File...
Reading design from DB takes 7.343750 sec.
Generating architecture configuration.
The bitstream file is "C:/Users/Misaka/Desktop/my_riscv_soc_sim_11.11/generate_bitstream/tinyriscv_soc_top.sbit"
Generate programming file takes 103.781250 sec.
Generating Programming File done.
Action gen_bit_stream: Real time elapsed is 111.000 sec
Action gen_bit_stream: CPU time elapsed is 111.172 sec
Current time: Sat Nov 13 14:58:04 2021
Action gen_bit_stream: Peak memory pool usage is 431,300,608 bytes
