#Build: Fabric Compiler 2020.3, Build 62942, Sep 29 13:34 2020
#Install: D:\PDS_2020.3\bin
#Application name: pds_shell.exe
#OS: Windows 10 10.0.19042
#Hostname: LAPTOP-3V5IT220
Generated by Fabric Compiler (version 2020.3 build 62942) at Thu Oct 14 22:47:08 2021
Compiling verification operator library.
Compiling common defs.
Compiling prim grid devices.
Compiling gate devices.
Compiling gate operators.
Building architecture model.
Loading device packaging model 'MBG324'.
Reading design from DB.
Start Generate Netlist.
Generate Netlist is finished successfully.
Action gen_netlist: Real time elapsed is 22.000 sec
Action gen_netlist: CPU time elapsed is 17.906 sec
Current time: Thu Oct 14 22:47:29 2021
Action gen_netlist: Peak memory pool usage is 642,433,024 bytes
