#Build: Fabric Compiler 2020.3, Build 62942, Sep 29 13:34 2020
#Install: D:\PDS_2020.3\bin
#Application name: pds_shell.exe
#OS: Windows 10 10.0.19042
#Hostname: WSJ
Generated by Fabric Compiler (version 2020.3 build 62942) at Thu Nov 11 23:15:37 2021
Compiling verification operator library.
Compiling common defs.
Compiling prim grid devices.
Compiling gate devices.
Compiling gate operators.
Building architecture model.
Loading device packaging model 'MBG324'.
Reading design from DB.
Start Generating Programming File...
Reading design from DB takes 1.781250 sec.
Generating architecture configuration.
The bitstream file is "F:/FPGA_Competition/my_riscv_soc_sim_11.11/generate_bitstream/tinyriscv_soc_top.sbit"
Generate programming file takes 24.109375 sec.
Generating Programming File done.
Action gen_bit_stream: Real time elapsed is 29.000 sec
Action gen_bit_stream: CPU time elapsed is 27.125 sec
Current time: Thu Nov 11 23:16:04 2021
Action gen_bit_stream: Peak memory pool usage is 373,895,168 bytes
