#Build: Fabric Compiler 2020.3-Lite, Build 71107, Mar 15 18:01 2021
#Install: D:\pango\PDS_2020.3-Lite\bin
#Application name: pds_shell.exe
#OS: Windows 10 10.0.22000
#Hostname: LAPTOP-NN2U833S
Generated by Fabric Compiler (version 2020.3-Lite build 71107) at Thu Nov 11 21:38:35 2021
Compiling verification operator library.
Compiling common defs.
Compiling prim grid devices.
Compiling gate devices.
Compiling gate operators.
Building architecture model.
Loading device packaging model 'MBG324'.
Reading design from DB.
Start Generating Programming File...
Reading design from DB takes 7.906250 sec.
Generating architecture configuration.
The bitstream file is "G:/FPGA_Competition/my_riscv_soc_11.11/generate_bitstream/tinyriscv_soc_top.sbit"
Generate programming file takes 122.171875 sec.
Generating Programming File done.
Action gen_bit_stream: Real time elapsed is 130.000 sec
Action gen_bit_stream: CPU time elapsed is 129.563 sec
Current time: Thu Nov 11 21:40:42 2021
Action gen_bit_stream: Peak memory pool usage is 427,286,528 bytes
