#Build: Fabric Compiler 2020.3, Build 62942, Sep 29 13:34 2020
#Install: D:\PDS_2020.3\bin
#Application name: pds_shell.exe
#OS: Windows 10 10.0.19042
#Hostname: LAPTOP-3V5IT220
Generated by Fabric Compiler (version 2020.3 build 62942) at Sun Oct 31 21:25:36 2021
Compiling verification operator library.
Compiling common defs.
Compiling prim grid devices.
Compiling gate devices.
Compiling gate operators.
Building architecture model.
Loading device packaging model 'MBG324'.
Reading design from DB.
Start Generating Programming File...
Reading design from DB takes 1.953125 sec.
Generating architecture configuration.
The bitstream file is "E:/My_Document/WSJ_Master/Competition/FPGA_Design_Conpetition/my_PDS_code/my_riscv_soc_10.31/generate_bitstream/tinyriscv_soc_top.sbit"
Generate programming file takes 27.125000 sec.
Generating Programming File done.
Action gen_bit_stream: Real time elapsed is 31.000 sec
Action gen_bit_stream: CPU time elapsed is 30.156 sec
Current time: Sun Oct 31 21:26:06 2021
Action gen_bit_stream: Peak memory pool usage is 368,803,840 bytes
