#Build: Fabric Compiler 2020.3-Lite, Build 71107, Mar 15 18:01 2021
#Install: D:\pango\PDS_2020.3-Lite\bin
#Application name: pds_shell.exe
#OS: Windows 10 10.0.22000
#Hostname: LAPTOP-NN2U833S
Generated by Fabric Compiler (version 2020.3-Lite build 71107) at Sat Nov 13 14:51:06 2021
Compiling verification operator library.
Compiling common defs.
Compiling prim grid devices.
Compiling gate devices.
Compiling gate operators.
Building architecture model.
Loading device packaging model 'MBG324'.
I: Parameter configuration file C:/Users/Misaka/Desktop/my_riscv_soc_sim_11.11/testparam.txt cannot open.
Starting placement and routing flow. (CPU time elapsed 0h:00m:00s)
Reading design from devmap DB.
Building architecture floorplan logic view.
Executing : apply_constraint -f C:/Users/Misaka/Desktop/my_riscv_soc_sim_11.11/device_map/tinyriscv_soc_top.pcf
Executing : def_port dht22 -LOC N18 -IOSTANDARD LVCMOS33 -VCCIO 3.3 -DRIVE 4 -SLEW SLOW
Executing : def_port dht22 -LOC N18 -IOSTANDARD LVCMOS33 -VCCIO 3.3 -DRIVE 4 -SLEW SLOW successfully.
Executing : def_port {gpio[0]} -LOC V10 -IOSTANDARD LVCMOS33 -VCCIO 3.3 -BUS_KEEPER NONE -DRIVE 4 -SLEW SLOW
Executing : def_port {gpio[0]} -LOC V10 -IOSTANDARD LVCMOS33 -VCCIO 3.3 -BUS_KEEPER NONE -DRIVE 4 -SLEW SLOW successfully.
Executing : def_port {gpio[1]} -LOC U11 -IOSTANDARD LVCMOS33 -VCCIO 3.3 -BUS_KEEPER NONE -DRIVE 4 -SLEW SLOW
Executing : def_port {gpio[1]} -LOC U11 -IOSTANDARD LVCMOS33 -VCCIO 3.3 -BUS_KEEPER NONE -DRIVE 4 -SLEW SLOW successfully.
Executing : def_port {gpio[2]} -LOC P13 -IOSTANDARD LVCMOS33 -VCCIO 3.3 -DRIVE 4 -SLEW SLOW
Executing : def_port {gpio[2]} -LOC P13 -IOSTANDARD LVCMOS33 -VCCIO 3.3 -DRIVE 4 -SLEW SLOW successfully.
Executing : def_port {gpio[3]} -LOC P14 -IOSTANDARD LVCMOS33 -VCCIO 3.3 -DRIVE 4 -SLEW SLOW
Executing : def_port {gpio[3]} -LOC P14 -IOSTANDARD LVCMOS33 -VCCIO 3.3 -DRIVE 4 -SLEW SLOW successfully.
Executing : def_port {gpio[4]} -LOC R15 -IOSTANDARD LVCMOS33 -VCCIO 3.3 -DRIVE 4 -SLEW SLOW
Executing : def_port {gpio[4]} -LOC R15 -IOSTANDARD LVCMOS33 -VCCIO 3.3 -DRIVE 4 -SLEW SLOW successfully.
Executing : def_port {gpio[5]} -LOC R14 -IOSTANDARD LVCMOS33 -VCCIO 3.3 -DRIVE 4 -SLEW SLOW
Executing : def_port {gpio[5]} -LOC R14 -IOSTANDARD LVCMOS33 -VCCIO 3.3 -DRIVE 4 -SLEW SLOW successfully.
Executing : def_port {gpio[6]} -LOC T16 -IOSTANDARD LVCMOS33 -VCCIO 3.3 -DRIVE 4 -SLEW SLOW
Executing : def_port {gpio[6]} -LOC T16 -IOSTANDARD LVCMOS33 -VCCIO 3.3 -DRIVE 4 -SLEW SLOW successfully.
Executing : def_port {gpio[7]} -LOC R16 -IOSTANDARD LVCMOS33 -VCCIO 3.3 -DRIVE 4 -SLEW SLOW
Executing : def_port {gpio[7]} -LOC R16 -IOSTANDARD LVCMOS33 -VCCIO 3.3 -DRIVE 4 -SLEW SLOW successfully.
Executing : def_port {gpio[8]} -LOC U16 -IOSTANDARD LVCMOS33 -VCCIO 3.3 -DRIVE 4 -SLEW SLOW
Executing : def_port {gpio[8]} -LOC U16 -IOSTANDARD LVCMOS33 -VCCIO 3.3 -DRIVE 4 -SLEW SLOW successfully.
Executing : def_port {gpio[9]} -LOC V16 -IOSTANDARD LVCMOS33 -VCCIO 3.3 -DRIVE 4 -SLEW SLOW
Executing : def_port {gpio[9]} -LOC V16 -IOSTANDARD LVCMOS33 -VCCIO 3.3 -DRIVE 4 -SLEW SLOW successfully.
Executing : def_port DIO -LOC L15 -IOSTANDARD LVCMOS33 -VCCIO 3.3 -DRIVE 4 -SLEW SLOW
Executing : def_port DIO -LOC L15 -IOSTANDARD LVCMOS33 -VCCIO 3.3 -DRIVE 4 -SLEW SLOW successfully.
Executing : def_port RCLK -LOC L14 -IOSTANDARD LVCMOS33 -VCCIO 3.3 -DRIVE 4 -SLEW SLOW
Executing : def_port RCLK -LOC L14 -IOSTANDARD LVCMOS33 -VCCIO 3.3 -DRIVE 4 -SLEW SLOW successfully.
Executing : def_port SCLK -LOC L18 -IOSTANDARD LVCMOS33 -VCCIO 3.3 -DRIVE 4 -SLEW SLOW
Executing : def_port SCLK -LOC L18 -IOSTANDARD LVCMOS33 -VCCIO 3.3 -DRIVE 4 -SLEW SLOW successfully.
Executing : def_port hum_flag_led -LOC V11 -IOSTANDARD LVCMOS33 -VCCIO 3.3 -DRIVE 4 -SLEW SLOW
Executing : def_port hum_flag_led -LOC V11 -IOSTANDARD LVCMOS33 -VCCIO 3.3 -DRIVE 4 -SLEW SLOW successfully.
Executing : def_port hum_flag_o -LOC L17 -IOSTANDARD LVCMOS33 -VCCIO 3.3 -DRIVE 4 -SLEW SLOW
Executing : def_port hum_flag_o -LOC L17 -IOSTANDARD LVCMOS33 -VCCIO 3.3 -DRIVE 4 -SLEW SLOW successfully.
Executing : def_port jtag_TDO -LOC P11 -IOSTANDARD LVCMOS33 -VCCIO 3.3 -DRIVE 4 -SLEW SLOW
Executing : def_port jtag_TDO -LOC P11 -IOSTANDARD LVCMOS33 -VCCIO 3.3 -DRIVE 4 -SLEW SLOW successfully.
Executing : def_port led_out_io -LOC U10 -IOSTANDARD LVCMOS33 -VCCIO 3.3 -DRIVE 4 -SLEW SLOW
Executing : def_port led_out_io -LOC U10 -IOSTANDARD LVCMOS33 -VCCIO 3.3 -DRIVE 4 -SLEW SLOW successfully.
Executing : def_port pwm_out_1 -LOC V18 -IOSTANDARD LVCMOS33 -VCCIO 3.3 -DRIVE 4 -SLEW SLOW
Executing : def_port pwm_out_1 -LOC V18 -IOSTANDARD LVCMOS33 -VCCIO 3.3 -DRIVE 4 -SLEW SLOW successfully.
Executing : def_port pwm_out_2 -LOC V17 -IOSTANDARD LVCMOS33 -VCCIO 3.3 -DRIVE 4 -SLEW SLOW
Executing : def_port pwm_out_2 -LOC V17 -IOSTANDARD LVCMOS33 -VCCIO 3.3 -DRIVE 4 -SLEW SLOW successfully.
Executing : def_port pwm_out_3 -LOC T18 -IOSTANDARD LVCMOS33 -VCCIO 3.3 -DRIVE 4 -SLEW SLOW
Executing : def_port pwm_out_3 -LOC T18 -IOSTANDARD LVCMOS33 -VCCIO 3.3 -DRIVE 4 -SLEW SLOW successfully.
Executing : def_port spi_clk -LOC C9 -IOSTANDARD LVCMOS33 -VCCIO 3.3 -BUS_KEEPER PULLUP -DRIVE 4
C: ConstraintEditor-2007: [C:/Users/Misaka/Desktop/my_riscv_soc_sim_11.11/device_map/tinyriscv_soc_top.pcf] Port spi_clk lack of slew, output port and inout port had better set slew value, the default value is SLOW.
Executing : def_port spi_clk -LOC C9 -IOSTANDARD LVCMOS33 -VCCIO 3.3 -BUS_KEEPER PULLUP -DRIVE 4 successfully.
Executing : def_port spi_mosi -LOC B4 -IOSTANDARD LVCMOS33 -VCCIO 3.3 -BUS_KEEPER PULLUP -DRIVE 4
C: ConstraintEditor-2007: [C:/Users/Misaka/Desktop/my_riscv_soc_sim_11.11/device_map/tinyriscv_soc_top.pcf] Port spi_mosi lack of slew, output port and inout port had better set slew value, the default value is SLOW.
Executing : def_port spi_mosi -LOC B4 -IOSTANDARD LVCMOS33 -VCCIO 3.3 -BUS_KEEPER PULLUP -DRIVE 4 successfully.
Executing : def_port spi_ss -LOC B8 -IOSTANDARD LVCMOS33 -VCCIO 3.3 -DRIVE 4
C: ConstraintEditor-2007: [C:/Users/Misaka/Desktop/my_riscv_soc_sim_11.11/device_map/tinyriscv_soc_top.pcf] Port spi_ss lack of slew, output port and inout port had better set slew value, the default value is SLOW.
Executing : def_port spi_ss -LOC B8 -IOSTANDARD LVCMOS33 -VCCIO 3.3 -DRIVE 4 successfully.
Executing : def_port tx -LOC U17 -IOSTANDARD LVCMOS33 -VCCIO 3.3 -DRIVE 4 -SLEW SLOW
Executing : def_port tx -LOC U17 -IOSTANDARD LVCMOS33 -VCCIO 3.3 -DRIVE 4 -SLEW SLOW successfully.
Executing : def_port tx_uart -LOC C10 -IOSTANDARD LVCMOS33 -VCCIO 3.3 -DRIVE 4 -SLEW SLOW
Executing : def_port tx_uart -LOC C10 -IOSTANDARD LVCMOS33 -VCCIO 3.3 -DRIVE 4 -SLEW SLOW successfully.
Executing : def_port clk -LOC B5 -IOSTANDARD LVCMOS33 -VCCIO 3.3
Executing : def_port clk -LOC B5 -IOSTANDARD LVCMOS33 -VCCIO 3.3 successfully.
Executing : def_port jtag_TCK -LOC P12 -IOSTANDARD LVCMOS33 -VCCIO 3.3
Executing : def_port jtag_TCK -LOC P12 -IOSTANDARD LVCMOS33 -VCCIO 3.3 successfully.
Executing : def_port jtag_TDI -LOC T11 -IOSTANDARD LVCMOS33 -VCCIO 3.3
Executing : def_port jtag_TDI -LOC T11 -IOSTANDARD LVCMOS33 -VCCIO 3.3 successfully.
Executing : def_port jtag_TMS -LOC R11 -IOSTANDARD LVCMOS33 -VCCIO 3.3
Executing : def_port jtag_TMS -LOC R11 -IOSTANDARD LVCMOS33 -VCCIO 3.3 successfully.
Executing : def_port light_sense -LOC N16 -IOSTANDARD LVCMOS33 -VCCIO 3.3
Executing : def_port light_sense -LOC N16 -IOSTANDARD LVCMOS33 -VCCIO 3.3 successfully.
Executing : def_port rst -LOC U12 -IOSTANDARD LVCMOS33 -VCCIO 3.3
Executing : def_port rst -LOC U12 -IOSTANDARD LVCMOS33 -VCCIO 3.3 successfully.
Executing : def_port spi_miso -LOC A4 -IOSTANDARD LVCMOS33 -VCCIO 3.3
C: ConstraintEditor-2001: [C:/Users/Misaka/Desktop/my_riscv_soc_sim_11.11/device_map/tinyriscv_soc_top.pcf(line number: 35)] Object 'spi_miso' is dangling, which has no connection. it will be ignored.
Executing : def_port spi_miso -LOC A4 -IOSTANDARD LVCMOS33 -VCCIO 3.3 successfully.
W: ConstraintEditor-4019: Port 'uart_tx_pin' unspecified I/O constraint.
W: ConstraintEditor-4019: Port 'stop' unspecified I/O constraint.
W: ConstraintEditor-4019: Port 'uart_rx_pin' unspecified I/O constraint.
Executing : apply_constraint -f C:/Users/Misaka/Desktop/my_riscv_soc_sim_11.11/device_map/tinyriscv_soc_top.pcf successfully.

Placement started.
Mapping instance clkbufg_1/gopclkbufg to USCM_74_104.
C: Place-2028: GLOBAL_CLOCK: the driver jtag_TCK_ibuf/opit_1 fixed at IOL_151_85 is unreasonable. Sub-optimal placement for a clock source and a clock buffer.
Mapping instance clkbufg_0/gopclkbufg to USCM_74_133.
Pre global placement takes 38.64 sec.
Run super clustering :
	Initial slack 494943.
	2 iterations finished.
	Final slack 495092.
Super clustering done.
Design Utilization : 40%.
Global placement takes 28.98 sec.
Wirelength after global placement is 72686.
Placed fixed group with base inst DIO_obuf/opit_1 on IOL_151_130.
Placed fixed group with base inst RCLK_obuf/opit_1 on IOL_151_129.
Placed fixed group with base inst SCLK_obuf/opit_1 on IOL_151_166.
Placed fixed group with base inst clk_ibuf/opit_1 on IOL_7_298.
Placed fixed instance clkbufg_0/gopclkbufg on USCM_74_133.
Placed fixed instance clkbufg_1/gopclkbufg on USCM_74_104.
Placed fixed group with base inst gpio_tri[0]/opit_1 on IOL_151_113.
Placed fixed group with base inst gpio_tri[1]/opit_1 on IOL_151_102.
Placed fixed group with base inst gpio_tri[2]/opit_1 on IOL_151_10.
Placed fixed group with base inst gpio_tri[3]/opit_1 on IOL_151_9.
Placed fixed group with base inst gpio_tri[4]/opit_1 on IOL_151_17.
Placed fixed group with base inst gpio_tri[5]/opit_1 on IOL_151_18.
Placed fixed group with base inst gpio_tri[6]/opit_1 on IOL_151_41.
Placed fixed group with base inst gpio_tri[7]/opit_1 on IOL_151_42.
Placed fixed group with base inst gpio_tri[8]/opit_1 on IOL_151_21.
Placed fixed group with base inst gpio_tri[9]/opit_1 on IOL_151_22.
Placed fixed group with base inst hum_flag_led_obuf/opit_1 on IOL_151_101.
Placed fixed group with base inst hum_flag_o_obuf/opit_1 on IOL_151_165.
Placed fixed group with base inst jtag_TCK_ibuf/opit_1 on IOL_151_85.
Placed fixed group with base inst jtag_TDI_ibuf/opit_1 on IOL_151_89.
Placed fixed group with base inst jtag_TDO_obuf/opit_1 on IOL_151_86.
Placed fixed group with base inst jtag_TMS_ibuf/opit_1 on IOL_151_90.
Placed fixed group with base inst led_out_io_obuf/opit_1 on IOL_151_114.
Placed fixed group with base inst light_sense_ibuf/opit_1 on IOL_151_133.
Placed fixed group with base inst pwm_out_1_obuf/opit_1 on IOL_151_82.
Placed fixed group with base inst pwm_out_2_obuf/opit_1 on IOL_151_81.
Placed fixed group with base inst pwm_out_3_obuf/opit_1 on IOL_151_74.
Placed fixed group with base inst rst_ibuf/opit_1 on IOL_151_106.
Placed fixed group with base inst spi_clk/opit_1 on IOL_7_353.
Placed fixed group with base inst spi_mosi/opit_1 on IOL_7_290.
Placed fixed group with base inst spi_ss/opit_1 on IOL_7_350.
Placed fixed group with base inst top_dht22_inst.DHT22_drive_inst.dht22_tri/opit_1 on IOL_151_138.
Placed fixed group with base inst tx_obuf/opit_1 on IOL_151_77.
Placed fixed group with base inst tx_uart_obuf/opit_1 on IOL_151_361.
Placed fixed instance BKCL_auto_0 on BKCL_2_268.
Placed fixed instance BKCL_auto_1 on BKCL_154_268.
Placed fixed instance BKCL_auto_2 on BKCL_154_144.
Placed fixed instance BKCL_auto_3 on BKCL_154_20.
Wirelength after Macro cell placement is 72050.
Macro cell placement takes 0.05 sec.
Run super clustering :
	Initial slack 494943.
	2 iterations finished.
	Final slack 495092.
Super clustering done.
Design Utilization : 40%.
Wirelength after post global placement is 73116.
Post global placement takes 30.80 sec.
Wirelength after legalization is 80184.
Legalization takes 7.53 sec.
Worst slack before Replication Place is 497164.
Wirelength after replication placement is 80184.
Legalized cost 497164.000000.
The detailed placement ends at 11th iteration.
Wirelength after detailed placement is 80194.
Timing-driven detailed placement takes 11.20 sec.
Placement done.
Total placement takes 121.70 sec.
Finished placement. (CPU time elapsed 0h:02m:06s)

Routing started.
Building routing graph takes 4.38 sec.
Worst slack is 497390.
Processing design graph takes 1.91 sec.
Total memory for routing:
	51.826260 M.
Total nets for routing : 7936.
Rcf routing step 1 processed 0 nets, it takes 0.00 sec.
Rcf routing step 2 processed 0 nets, it takes 0.00 sec.
Rcf routing step 3 processed 0 nets, it takes 0.00 sec.
Global Routing step 1 processed 0 nets, it takes 0.09 sec.
Global Routing step 2 processed 0 nets, it takes 0.09 sec.
Unrouted nets 328 at the end of iteration 0.
Unrouted nets 248 at the end of iteration 1.
Unrouted nets 192 at the end of iteration 2.
Unrouted nets 165 at the end of iteration 3.
Unrouted nets 142 at the end of iteration 4.
Unrouted nets 121 at the end of iteration 5.
Unrouted nets 120 at the end of iteration 6.
Unrouted nets 106 at the end of iteration 7.
Unrouted nets 88 at the end of iteration 8.
Unrouted nets 91 at the end of iteration 9.
Unrouted nets 71 at the end of iteration 10.
Unrouted nets 62 at the end of iteration 11.
Unrouted nets 57 at the end of iteration 12.
Unrouted nets 40 at the end of iteration 13.
Unrouted nets 28 at the end of iteration 14.
Unrouted nets 26 at the end of iteration 15.
Unrouted nets 24 at the end of iteration 16.
Unrouted nets 28 at the end of iteration 17.
Unrouted nets 22 at the end of iteration 18.
Unrouted nets 33 at the end of iteration 19.
Unrouted nets 43 at the end of iteration 20.
Unrouted nets 53 at the end of iteration 21.
Unrouted nets 30 at the end of iteration 22.
Unrouted nets 29 at the end of iteration 23.
Unrouted nets 27 at the end of iteration 24.
Unrouted nets 24 at the end of iteration 25.
Unrouted nets 9 at the end of iteration 26.
Unrouted nets 5 at the end of iteration 27.
Unrouted nets 10 at the end of iteration 28.
Unrouted nets 7 at the end of iteration 29.
Unrouted nets 4 at the end of iteration 30.
Unrouted nets 2 at the end of iteration 31.
Unrouted nets 2 at the end of iteration 32.
Unrouted nets 2 at the end of iteration 33.
Unrouted nets 0 at the end of iteration 34.
Global Routing step 3 processed 476 nets, it takes 21.05 sec.
Global routing takes 21.28 sec.
Total 11276 subnets.
    forward max bucket size 23706 , backward 236.
        Unrouted nets 8731 at the end of iteration 0.
    route iteration 0, CPU time elapsed 6.234375 sec.
    forward max bucket size 24315 , backward 471.
        Unrouted nets 6867 at the end of iteration 1.
    route iteration 1, CPU time elapsed 6.250000 sec.
    forward max bucket size 24820 , backward 1085.
        Unrouted nets 5476 at the end of iteration 2.
    route iteration 2, CPU time elapsed 6.453125 sec.
    forward max bucket size 1016 , backward 1077.
        Unrouted nets 4608 at the end of iteration 3.
    route iteration 3, CPU time elapsed 5.687500 sec.
    forward max bucket size 25815 , backward 919.
        Unrouted nets 3872 at the end of iteration 4.
    route iteration 4, CPU time elapsed 7.500000 sec.
    forward max bucket size 26339 , backward 1138.
        Unrouted nets 3257 at the end of iteration 5.
    route iteration 5, CPU time elapsed 8.671875 sec.
    forward max bucket size 2159 , backward 1689.
        Unrouted nets 3591 at the end of iteration 6.
    route iteration 6, CPU time elapsed 5.109375 sec.
    forward max bucket size 1435 , backward 1190.
        Unrouted nets 3418 at the end of iteration 7.
    route iteration 7, CPU time elapsed 4.281250 sec.
    forward max bucket size 593 , backward 506.
        Unrouted nets 3022 at the end of iteration 8.
    route iteration 8, CPU time elapsed 3.609375 sec.
    forward max bucket size 779 , backward 769.
        Unrouted nets 2551 at the end of iteration 9.
    route iteration 9, CPU time elapsed 3.000000 sec.
    forward max bucket size 821 , backward 693.
        Unrouted nets 2126 at the end of iteration 10.
    route iteration 10, CPU time elapsed 2.437500 sec.
    forward max bucket size 2073 , backward 1754.
        Unrouted nets 1736 at the end of iteration 11.
    route iteration 11, CPU time elapsed 2.000000 sec.
    forward max bucket size 1171 , backward 550.
        Unrouted nets 1420 at the end of iteration 12.
    route iteration 12, CPU time elapsed 1.562500 sec.
    forward max bucket size 841 , backward 559.
        Unrouted nets 1117 at the end of iteration 13.
    route iteration 13, CPU time elapsed 1.343750 sec.
    forward max bucket size 400 , backward 517.
        Unrouted nets 931 at the end of iteration 14.
    route iteration 14, CPU time elapsed 1.062500 sec.
    forward max bucket size 516 , backward 605.
        Unrouted nets 737 at the end of iteration 15.
    route iteration 15, CPU time elapsed 0.796875 sec.
    forward max bucket size 222 , backward 385.
        Unrouted nets 614 at the end of iteration 16.
    route iteration 16, CPU time elapsed 0.703125 sec.
    forward max bucket size 344 , backward 657.
        Unrouted nets 445 at the end of iteration 17.
    route iteration 17, CPU time elapsed 0.578125 sec.
    forward max bucket size 332 , backward 538.
        Unrouted nets 365 at the end of iteration 18.
    route iteration 18, CPU time elapsed 0.453125 sec.
    forward max bucket size 382 , backward 782.
        Unrouted nets 331 at the end of iteration 19.
    route iteration 19, CPU time elapsed 0.421875 sec.
    forward max bucket size 243 , backward 230.
        Unrouted nets 251 at the end of iteration 20.
    route iteration 20, CPU time elapsed 0.328125 sec.
    forward max bucket size 150 , backward 218.
        Unrouted nets 213 at the end of iteration 21.
    route iteration 21, CPU time elapsed 0.328125 sec.
    forward max bucket size 344 , backward 228.
        Unrouted nets 199 at the end of iteration 22.
    route iteration 22, CPU time elapsed 0.265625 sec.
    forward max bucket size 154 , backward 612.
        Unrouted nets 159 at the end of iteration 23.
    route iteration 23, CPU time elapsed 0.265625 sec.
    forward max bucket size 361 , backward 250.
        Unrouted nets 148 at the end of iteration 24.
    route iteration 24, CPU time elapsed 0.187500 sec.
    forward max bucket size 530 , backward 286.
        Unrouted nets 142 at the end of iteration 25.
    route iteration 25, CPU time elapsed 0.250000 sec.
    forward max bucket size 107 , backward 94.
        Unrouted nets 116 at the end of iteration 26.
    route iteration 26, CPU time elapsed 0.171875 sec.
    forward max bucket size 240 , backward 356.
        Unrouted nets 91 at the end of iteration 27.
    route iteration 27, CPU time elapsed 0.187500 sec.
    forward max bucket size 114 , backward 83.
        Unrouted nets 56 at the end of iteration 28.
    route iteration 28, CPU time elapsed 0.187500 sec.
    forward max bucket size 107 , backward 81.
        Unrouted nets 41 at the end of iteration 29.
    route iteration 29, CPU time elapsed 0.125000 sec.
    forward max bucket size 149 , backward 107.
        Unrouted nets 24 at the end of iteration 30.
    route iteration 30, CPU time elapsed 0.109375 sec.
    forward max bucket size 54 , backward 55.
        Unrouted nets 9 at the end of iteration 31.
    route iteration 31, CPU time elapsed 0.078125 sec.
    forward max bucket size 30 , backward 49.
        Unrouted nets 10 at the end of iteration 32.
    route iteration 32, CPU time elapsed 0.078125 sec.
    forward max bucket size 24 , backward 36.
        Unrouted nets 12 at the end of iteration 33.
    route iteration 33, CPU time elapsed 0.078125 sec.
    forward max bucket size 28 , backward 40.
        Unrouted nets 15 at the end of iteration 34.
    route iteration 34, CPU time elapsed 0.078125 sec.
    forward max bucket size 44 , backward 94.
        Unrouted nets 9 at the end of iteration 35.
    route iteration 35, CPU time elapsed 0.078125 sec.
    forward max bucket size 25 , backward 26.
        Unrouted nets 9 at the end of iteration 36.
    route iteration 36, CPU time elapsed 0.078125 sec.
    forward max bucket size 44 , backward 116.
        Unrouted nets 7 at the end of iteration 37.
    route iteration 37, CPU time elapsed 0.062500 sec.
    forward max bucket size 18 , backward 23.
        Unrouted nets 4 at the end of iteration 38.
    route iteration 38, CPU time elapsed 0.062500 sec.
    forward max bucket size 18 , backward 23.
        Unrouted nets 6 at the end of iteration 39.
    route iteration 39, CPU time elapsed 0.062500 sec.
    forward max bucket size 16 , backward 15.
        Unrouted nets 4 at the end of iteration 40.
    route iteration 40, CPU time elapsed 0.078125 sec.
    forward max bucket size 20 , backward 14.
        Unrouted nets 4 at the end of iteration 41.
    route iteration 41, CPU time elapsed 0.062500 sec.
    forward max bucket size 16 , backward 30.
        Unrouted nets 0 at the end of iteration 42.
    route iteration 42, CPU time elapsed 0.062500 sec.
C: Route-2036: The clock path from jtag_TCK_ibuf/opit_1:OUT to clkbufg_0/gopclkbufg:CLK is routed by SRB.
C: Route-2036: The clock path from top_dht22_inst/HEX8_inst/clk_1k/opit_0_inv:Q to top_dht22_inst/HEX8_inst/sel_r[4]/opit_0_inv:CLK is routed by SRB.
C: Route-2036: The clock path from top_dht22_inst/DHT22_drive_inst/clk_1m/opit_0_inv:Q to top_dht22_inst/DHT22_drive_inst/dht22_buffer_tri_enable/opit_0_inv_MUX4TO1Q:CLK is routed by SRB.
Detailed routing takes 72.16 sec.

Dispose routing result:
    Collect routing result.
    Delete unused device instances.
    Annotate routing result.
    Change LUT configuration.
    Dispose misc instances.
I: Route-6001: Insert route through in CLMA_30_260.
I: Route-6001: Insert route through in CLMA_90_161.
I: Route-6001: Insert route through in CLMA_98_160.
I: Route-6001: Insert route through in CLMS_46_229.
I: Route-6001: Insert route through in CLMA_50_188.
I: Route-6001: Insert route through in CLMA_90_136.
I: Route-6001: Insert route through in CLMA_94_144.
I: Route-6001: Insert route through in CLMS_94_149.
I: Route-6001: Insert route through in CLMA_90_153.
I: Route-6001: Insert route through in CLMS_94_157.
I: Route-6001: Insert route through in CLMA_90_153.
I: Route-6001: Insert route through in CLMA_86_172.
I: Route-6001: Insert route through in CLMA_86_172.
I: Route-6001: Insert route through in CLMA_70_181.
I: Route-6001: Insert route through in CLMA_70_165.
I: Route-6001: Insert route through in CLMS_94_173.
I: Route-6001: Insert route through in CLMS_66_173.
I: Route-6001: Insert route through in CLMA_90_217.
I: Route-6001: Insert route through in CLMA_78_192.
I: Route-6001: Insert route through in CLMA_98_205.
I: Route-6001: Insert route through in CLMS_78_81.
I: Route-6001: Insert route through in CLMA_82_245.
I: Route-6001: Insert route through in CLMA_58_284.
I: Route-6001: Insert route through in CLMA_86_168.
I: Route-6001: Insert route through in CLMA_130_193.
I: Route-6001: Insert route through in CLMA_106_225.
I: Route-6001: Insert route through in CLMA_50_201.
I: Route-6001: Insert route through in CLMA_82_241.
I: Route-6001: Insert route through in CLMA_42_172.
I: Route-6001: Insert route through in CLMS_26_241.
I: Route-6001: Insert route through in CLMA_106_288.
I: Route-6001: Insert route through in CLMS_114_221.
I: Route-6001: Insert route through in CLMA_106_148.
I: Route-6001: Insert route through in CLMA_98_228.
I: Route-6001: Insert route through in CLMA_142_288.
I: Route-6001: Insert route through in CLMS_46_245.
I: Route-6001: Insert route through in CLMA_42_253.
I: Route-6001: Insert route through in CLMA_70_205.
I: Route-6001: Insert route through in CLMA_98_249.
I: Route-6001: Insert route through in CLMA_82_108.
I: Route-6001: Insert route through in CLMA_130_264.
I: Route-6001: Insert route through in CLMS_78_265.
I: Route-6001: Insert route through in CLMA_98_268.
I: Route-6001: Insert route through in CLMS_38_165.
I: Route-6001: Insert route through in RCKB_151_184.
    Annotate routing result again.
Finish routing takes 7.83 sec.
No timing paths have hold violation.
Hold fix iterated 0 times
Hold violation fix takes 15.89 sec.
Used srb routing arc is 123284.
Cleanup routing takes 0.16 sec.
Routing done.
Total routing takes 128.02 sec.


Device Utilization Summary :
+----------------------------------------------------------------------------+
| Logic Utilization        | Used     | Available     | Utilization(%)     
+----------------------------------------------------------------------------+
| Use of ADC               | 0        | 1             | 0                   
| Use of APM               | 4        | 30            | 13                  
| Use of BKCL              | 4        | 6             | 67                  
| Use of CLMA              | 1867     | 3274          | 57                  
|   FF                     | 1804     | 19644         | 9                   
|   LUT                    | 5139     | 13096         | 39                  
|   LUT-FF pairs           | 1260     | 13096         | 10                  
| Use of CLMS              | 699      | 1110          | 63                  
|   FF                     | 434      | 6660          | 7                   
|   LUT                    | 1880     | 4440          | 42                  
|   LUT-FF pairs           | 278      | 4440          | 6                   
|   Distributed RAM        | 704      | 4440          | 16                  
| Use of CRYSTAL           | 0        | 6             | 0                   
| Use of DLL               | 0        | 6             | 0                   
| Use of DQSL              | 0        | 18            | 0                   
| Use of DRM               | 0        | 48            | 0                   
| Use of FLSIF             | 0        | 1             | 0                   
| Use of FUSECODE          | 0        | 1             | 0                   
| Use of HARD0N1           | 0        | 2745          | 0                   
| Use of HMEMC             | 0        | 2             | 0                   
| Use of IO                | 34       | 240           | 14                  
|   IOBD                   | 18       | 120           | 15                  
|   IOBR                   | 1        | 6             | 17                  
|   IOBS                   | 15       | 114           | 13                  
| Use of IOCKDIV           | 0        | 12            | 0                   
| Use of IOCKDLY           | 0        | 24            | 0                   
| Use of IOCKGATE          | 0        | 12            | 0                   
| Use of IOCKGMUX_TEST     | 0        | 12            | 0                   
| Use of IOL               | 34       | 240           | 14                  
| Use of IPAL              | 0        | 1             | 0                   
| Use of MFG_TEST          | 0        | 1             | 0                   
| Use of OSC               | 0        | 1             | 0                   
| Use of PLL               | 0        | 6             | 0                   
| Use of PREGMUX_TEST      | 0        | 6             | 0                   
| Use of RCKB              | 1        | 24            | 4                   
| Use of RCKBMUX_TEST      | 0        | 12            | 0                   
| Use of RESCAL            | 0        | 6             | 0                   
| Use of SCANCHAIN         | 0        | 4             | 0                   
| Use of START             | 1        | 1             | 100                 
| Use of UDID              | 0        | 1             | 0                   
| Use of USCM              | 2        | 20            | 10                  
| Use of USCMMUX_TEST      | 0        | 20            | 0                   
| Use of VCKBMUX_TEST      | 0        | 12            | 0                   
+----------------------------------------------------------------------------+

Finished routing. (CPU time elapsed 0h:04m:14s)
Design 'tinyriscv_soc_top' has been placed and routed successfully.
Saving design to DB.
Action pnr: Real time elapsed is 264.000 sec
Action pnr: CPU time elapsed is 263.547 sec
Current time: Sat Nov 13 14:55:27 2021
Action pnr: Peak memory pool usage is 804,864,000 bytes
Finished placement and routing. (CPU time elapsed 0h:04m:16s)
