#Build: Fabric Compiler 2020.3, Build 62942, Sep 29 13:34 2020
#Install: D:\PDS_2020.3\bin
#Application name: pds_shell.exe
#OS: Windows 10 10.0.19042
#Hostname: WSJ
Generated by Fabric Compiler (version 2020.3 build 62942) at Thu Nov 11 23:12:51 2021
Compiling verification operator library.
Compiling common defs.
Compiling prim grid devices.
Compiling gate devices.
Compiling gate operators.
Building architecture model.
Loading device packaging model 'MBG324'.
I: Parameter configuration file F:/FPGA_Competition/my_riscv_soc_sim_11.11/testparam.txt cannot open.
Starting placement and routing flow. (CPU time elapsed 0h:00m:00s)
Reading design from devmap DB.
Building architecture floorplan logic view.
Executing : apply_constraint -f F:/FPGA_Competition/my_riscv_soc_sim_11.11/device_map/tinyriscv_soc_top.pcf
Executing : def_port dht22 -LOC N18 -IOSTANDARD LVCMOS33 -VCCIO 3.3 -DRIVE 4 -SLEW SLOW
Executing : def_port dht22 -LOC N18 -IOSTANDARD LVCMOS33 -VCCIO 3.3 -DRIVE 4 -SLEW SLOW successfully.
Executing : def_port {gpio[0]} -LOC V10 -IOSTANDARD LVCMOS33 -VCCIO 3.3 -BUS_KEEPER NONE -DRIVE 4 -SLEW SLOW
Executing : def_port {gpio[0]} -LOC V10 -IOSTANDARD LVCMOS33 -VCCIO 3.3 -BUS_KEEPER NONE -DRIVE 4 -SLEW SLOW successfully.
Executing : def_port {gpio[1]} -LOC U11 -IOSTANDARD LVCMOS33 -VCCIO 3.3 -BUS_KEEPER NONE -DRIVE 4 -SLEW SLOW
Executing : def_port {gpio[1]} -LOC U11 -IOSTANDARD LVCMOS33 -VCCIO 3.3 -BUS_KEEPER NONE -DRIVE 4 -SLEW SLOW successfully.
Executing : def_port {gpio[2]} -LOC P13 -IOSTANDARD LVCMOS33 -VCCIO 3.3 -DRIVE 4 -SLEW SLOW
Executing : def_port {gpio[2]} -LOC P13 -IOSTANDARD LVCMOS33 -VCCIO 3.3 -DRIVE 4 -SLEW SLOW successfully.
Executing : def_port {gpio[3]} -LOC P14 -IOSTANDARD LVCMOS33 -VCCIO 3.3 -DRIVE 4 -SLEW SLOW
Executing : def_port {gpio[3]} -LOC P14 -IOSTANDARD LVCMOS33 -VCCIO 3.3 -DRIVE 4 -SLEW SLOW successfully.
Executing : def_port {gpio[4]} -LOC R15 -IOSTANDARD LVCMOS33 -VCCIO 3.3 -DRIVE 4 -SLEW SLOW
Executing : def_port {gpio[4]} -LOC R15 -IOSTANDARD LVCMOS33 -VCCIO 3.3 -DRIVE 4 -SLEW SLOW successfully.
Executing : def_port {gpio[5]} -LOC R14 -IOSTANDARD LVCMOS33 -VCCIO 3.3 -DRIVE 4 -SLEW SLOW
Executing : def_port {gpio[5]} -LOC R14 -IOSTANDARD LVCMOS33 -VCCIO 3.3 -DRIVE 4 -SLEW SLOW successfully.
Executing : def_port {gpio[6]} -LOC T16 -IOSTANDARD LVCMOS33 -VCCIO 3.3 -DRIVE 4 -SLEW SLOW
Executing : def_port {gpio[6]} -LOC T16 -IOSTANDARD LVCMOS33 -VCCIO 3.3 -DRIVE 4 -SLEW SLOW successfully.
Executing : def_port {gpio[7]} -LOC R16 -IOSTANDARD LVCMOS33 -VCCIO 3.3 -DRIVE 4 -SLEW SLOW
Executing : def_port {gpio[7]} -LOC R16 -IOSTANDARD LVCMOS33 -VCCIO 3.3 -DRIVE 4 -SLEW SLOW successfully.
Executing : def_port {gpio[8]} -LOC U16 -IOSTANDARD LVCMOS33 -VCCIO 3.3 -DRIVE 4 -SLEW SLOW
Executing : def_port {gpio[8]} -LOC U16 -IOSTANDARD LVCMOS33 -VCCIO 3.3 -DRIVE 4 -SLEW SLOW successfully.
Executing : def_port {gpio[9]} -LOC V16 -IOSTANDARD LVCMOS33 -VCCIO 3.3 -DRIVE 4 -SLEW SLOW
Executing : def_port {gpio[9]} -LOC V16 -IOSTANDARD LVCMOS33 -VCCIO 3.3 -DRIVE 4 -SLEW SLOW successfully.
Executing : def_port DIO -LOC L15 -IOSTANDARD LVCMOS33 -VCCIO 3.3 -DRIVE 4 -SLEW SLOW
Executing : def_port DIO -LOC L15 -IOSTANDARD LVCMOS33 -VCCIO 3.3 -DRIVE 4 -SLEW SLOW successfully.
Executing : def_port RCLK -LOC L14 -IOSTANDARD LVCMOS33 -VCCIO 3.3 -DRIVE 4 -SLEW SLOW
Executing : def_port RCLK -LOC L14 -IOSTANDARD LVCMOS33 -VCCIO 3.3 -DRIVE 4 -SLEW SLOW successfully.
Executing : def_port SCLK -LOC L18 -IOSTANDARD LVCMOS33 -VCCIO 3.3 -DRIVE 4 -SLEW SLOW
Executing : def_port SCLK -LOC L18 -IOSTANDARD LVCMOS33 -VCCIO 3.3 -DRIVE 4 -SLEW SLOW successfully.
Executing : def_port hum_flag_led -LOC V11 -IOSTANDARD LVCMOS33 -VCCIO 3.3 -DRIVE 4 -SLEW SLOW
Executing : def_port hum_flag_led -LOC V11 -IOSTANDARD LVCMOS33 -VCCIO 3.3 -DRIVE 4 -SLEW SLOW successfully.
Executing : def_port hum_flag_o -LOC L17 -IOSTANDARD LVCMOS33 -VCCIO 3.3 -DRIVE 4 -SLEW SLOW
Executing : def_port hum_flag_o -LOC L17 -IOSTANDARD LVCMOS33 -VCCIO 3.3 -DRIVE 4 -SLEW SLOW successfully.
Executing : def_port jtag_TDO -LOC P11 -IOSTANDARD LVCMOS33 -VCCIO 3.3 -DRIVE 4 -SLEW SLOW
Executing : def_port jtag_TDO -LOC P11 -IOSTANDARD LVCMOS33 -VCCIO 3.3 -DRIVE 4 -SLEW SLOW successfully.
Executing : def_port led_out_io -LOC U10 -IOSTANDARD LVCMOS33 -VCCIO 3.3 -DRIVE 4 -SLEW SLOW
Executing : def_port led_out_io -LOC U10 -IOSTANDARD LVCMOS33 -VCCIO 3.3 -DRIVE 4 -SLEW SLOW successfully.
Executing : def_port pwm_out_1 -LOC V18 -IOSTANDARD LVCMOS33 -VCCIO 3.3 -DRIVE 4 -SLEW SLOW
Executing : def_port pwm_out_1 -LOC V18 -IOSTANDARD LVCMOS33 -VCCIO 3.3 -DRIVE 4 -SLEW SLOW successfully.
Executing : def_port pwm_out_2 -LOC V17 -IOSTANDARD LVCMOS33 -VCCIO 3.3 -DRIVE 4 -SLEW SLOW
Executing : def_port pwm_out_2 -LOC V17 -IOSTANDARD LVCMOS33 -VCCIO 3.3 -DRIVE 4 -SLEW SLOW successfully.
Executing : def_port pwm_out_3 -LOC T18 -IOSTANDARD LVCMOS33 -VCCIO 3.3 -DRIVE 4 -SLEW SLOW
Executing : def_port pwm_out_3 -LOC T18 -IOSTANDARD LVCMOS33 -VCCIO 3.3 -DRIVE 4 -SLEW SLOW successfully.
Executing : def_port spi_clk -LOC C9 -IOSTANDARD LVCMOS33 -VCCIO 3.3 -BUS_KEEPER PULLUP -DRIVE 4
C: ConstraintEditor-2007: [F:/FPGA_Competition/my_riscv_soc_sim_11.11/device_map/tinyriscv_soc_top.pcf] Port spi_clk lack of slew, output port and inout port had better set slew value, the default value is SLOW.
Executing : def_port spi_clk -LOC C9 -IOSTANDARD LVCMOS33 -VCCIO 3.3 -BUS_KEEPER PULLUP -DRIVE 4 successfully.
Executing : def_port spi_mosi -LOC B4 -IOSTANDARD LVCMOS33 -VCCIO 3.3 -BUS_KEEPER PULLUP -DRIVE 4
C: ConstraintEditor-2007: [F:/FPGA_Competition/my_riscv_soc_sim_11.11/device_map/tinyriscv_soc_top.pcf] Port spi_mosi lack of slew, output port and inout port had better set slew value, the default value is SLOW.
Executing : def_port spi_mosi -LOC B4 -IOSTANDARD LVCMOS33 -VCCIO 3.3 -BUS_KEEPER PULLUP -DRIVE 4 successfully.
Executing : def_port spi_ss -LOC B8 -IOSTANDARD LVCMOS33 -VCCIO 3.3 -DRIVE 4
C: ConstraintEditor-2007: [F:/FPGA_Competition/my_riscv_soc_sim_11.11/device_map/tinyriscv_soc_top.pcf] Port spi_ss lack of slew, output port and inout port had better set slew value, the default value is SLOW.
Executing : def_port spi_ss -LOC B8 -IOSTANDARD LVCMOS33 -VCCIO 3.3 -DRIVE 4 successfully.
Executing : def_port tx -LOC U17 -IOSTANDARD LVCMOS33 -VCCIO 3.3 -DRIVE 4 -SLEW SLOW
Executing : def_port tx -LOC U17 -IOSTANDARD LVCMOS33 -VCCIO 3.3 -DRIVE 4 -SLEW SLOW successfully.
Executing : def_port tx_uart -LOC C10 -IOSTANDARD LVCMOS33 -VCCIO 3.3 -DRIVE 4 -SLEW SLOW
Executing : def_port tx_uart -LOC C10 -IOSTANDARD LVCMOS33 -VCCIO 3.3 -DRIVE 4 -SLEW SLOW successfully.
Executing : def_port clk -LOC B5 -IOSTANDARD LVCMOS33 -VCCIO 3.3
Executing : def_port clk -LOC B5 -IOSTANDARD LVCMOS33 -VCCIO 3.3 successfully.
Executing : def_port jtag_TCK -LOC P12 -IOSTANDARD LVCMOS33 -VCCIO 3.3
Executing : def_port jtag_TCK -LOC P12 -IOSTANDARD LVCMOS33 -VCCIO 3.3 successfully.
Executing : def_port jtag_TDI -LOC T11 -IOSTANDARD LVCMOS33 -VCCIO 3.3
Executing : def_port jtag_TDI -LOC T11 -IOSTANDARD LVCMOS33 -VCCIO 3.3 successfully.
Executing : def_port jtag_TMS -LOC R11 -IOSTANDARD LVCMOS33 -VCCIO 3.3
Executing : def_port jtag_TMS -LOC R11 -IOSTANDARD LVCMOS33 -VCCIO 3.3 successfully.
Executing : def_port light_sense -LOC N16 -IOSTANDARD LVCMOS33 -VCCIO 3.3
Executing : def_port light_sense -LOC N16 -IOSTANDARD LVCMOS33 -VCCIO 3.3 successfully.
Executing : def_port rst -LOC U12 -IOSTANDARD LVCMOS33 -VCCIO 3.3
Executing : def_port rst -LOC U12 -IOSTANDARD LVCMOS33 -VCCIO 3.3 successfully.
Executing : def_port spi_miso -LOC A4 -IOSTANDARD LVCMOS33 -VCCIO 3.3
C: ConstraintEditor-2001: [F:/FPGA_Competition/my_riscv_soc_sim_11.11/device_map/tinyriscv_soc_top.pcf(line number: 35)] Object 'spi_miso' is dangling, which has no connection. it will be ignored.
Executing : def_port spi_miso -LOC A4 -IOSTANDARD LVCMOS33 -VCCIO 3.3 successfully.
W: ConstraintEditor-4019: Port 'uart_tx_pin' unspecified I/O constraint.
W: ConstraintEditor-4019: Port 'stop' unspecified I/O constraint.
W: ConstraintEditor-4019: Port 'uart_rx_pin' unspecified I/O constraint.
Executing : apply_constraint -f F:/FPGA_Competition/my_riscv_soc_sim_11.11/device_map/tinyriscv_soc_top.pcf successfully.

Placement started.
Mapping instance clkbufg_1/gopclkbufg to USCM_74_104.
C: Place-2028: GLOBAL_CLOCK: the driver jtag_TCK_ibuf/opit_1 fixed at IOL_151_85 is unreasonable. Sub-optimal placement for a clock source and a clock buffer.
Mapping instance clkbufg_0/gopclkbufg to USCM_74_133.
Pre global placement takes 14.48 sec.
Run super clustering :
	Initial slack 494943.
	2 iterations finished.
	Final slack 495092.
Super clustering done.
Design Utilization : 40%.
Global placement takes 12.19 sec.
Wirelength after global placement is 74245.
Placed fixed group with base inst DIO_obuf/opit_1 on IOL_151_130.
Placed fixed group with base inst RCLK_obuf/opit_1 on IOL_151_129.
Placed fixed group with base inst SCLK_obuf/opit_1 on IOL_151_166.
Placed fixed group with base inst clk_ibuf/opit_1 on IOL_7_298.
Placed fixed instance clkbufg_0/gopclkbufg on USCM_74_133.
Placed fixed instance clkbufg_1/gopclkbufg on USCM_74_104.
Placed fixed group with base inst gpio_tri[0]/opit_1 on IOL_151_113.
Placed fixed group with base inst gpio_tri[1]/opit_1 on IOL_151_102.
Placed fixed group with base inst gpio_tri[2]/opit_1 on IOL_151_10.
Placed fixed group with base inst gpio_tri[3]/opit_1 on IOL_151_9.
Placed fixed group with base inst gpio_tri[4]/opit_1 on IOL_151_17.
Placed fixed group with base inst gpio_tri[5]/opit_1 on IOL_151_18.
Placed fixed group with base inst gpio_tri[6]/opit_1 on IOL_151_41.
Placed fixed group with base inst gpio_tri[7]/opit_1 on IOL_151_42.
Placed fixed group with base inst gpio_tri[8]/opit_1 on IOL_151_21.
Placed fixed group with base inst gpio_tri[9]/opit_1 on IOL_151_22.
Placed fixed group with base inst hum_flag_led_obuf/opit_1 on IOL_151_101.
Placed fixed group with base inst hum_flag_o_obuf/opit_1 on IOL_151_165.
Placed fixed group with base inst jtag_TCK_ibuf/opit_1 on IOL_151_85.
Placed fixed group with base inst jtag_TDI_ibuf/opit_1 on IOL_151_89.
Placed fixed group with base inst jtag_TDO_obuf/opit_1 on IOL_151_86.
Placed fixed group with base inst jtag_TMS_ibuf/opit_1 on IOL_151_90.
Placed fixed group with base inst led_out_io_obuf/opit_1 on IOL_151_114.
Placed fixed group with base inst light_sense_ibuf/opit_1 on IOL_151_133.
Placed fixed group with base inst pwm_out_1_obuf/opit_1 on IOL_151_82.
Placed fixed group with base inst pwm_out_2_obuf/opit_1 on IOL_151_81.
Placed fixed group with base inst pwm_out_3_obuf/opit_1 on IOL_151_74.
Placed fixed group with base inst rst_ibuf/opit_1 on IOL_151_106.
Placed fixed group with base inst spi_clk/opit_1 on IOL_7_353.
Placed fixed group with base inst spi_mosi/opit_1 on IOL_7_290.
Placed fixed group with base inst spi_ss/opit_1 on IOL_7_350.
Placed fixed group with base inst top_dht22_inst.DHT22_drive_inst.dht22_tri/opit_1 on IOL_151_138.
Placed fixed group with base inst tx_obuf/opit_1 on IOL_151_77.
Placed fixed group with base inst tx_uart_obuf/opit_1 on IOL_151_361.
Placed fixed instance BKCL_auto_0 on BKCL_2_268.
Placed fixed instance BKCL_auto_1 on BKCL_154_268.
Placed fixed instance BKCL_auto_2 on BKCL_154_144.
Placed fixed instance BKCL_auto_3 on BKCL_154_20.
Wirelength after Macro cell placement is 73636.
Macro cell placement takes 0.02 sec.
Run super clustering :
	Initial slack 494943.
	2 iterations finished.
	Final slack 495092.
Super clustering done.
Design Utilization : 40%.
Wirelength after post global placement is 66046.
Post global placement takes 12.39 sec.
Wirelength after legalization is 74458.
Legalization takes 4.19 sec.
Worst slack before Replication Place is 497426.
Wirelength after replication placement is 74458.
Legalized cost 497426.000000.
The detailed placement ends at 11th iteration.
Wirelength after detailed placement is 74458.
Timing-driven detailed placement takes 4.45 sec.
Placement done.
Total placement takes 48.66 sec.
Finished placement. (CPU time elapsed 0h:00m:49s)

Routing started.
Building routing graph takes 1.31 sec.
Worst slack is 497776.
Processing design graph takes 0.63 sec.
Total memory for routing:
	51.765144 M.
Total nets for routing : 7953.
Rcf routing step 1 processed 0 nets, it takes 0.00 sec.
Rcf routing step 2 processed 0 nets, it takes 0.00 sec.
Rcf routing step 3 processed 0 nets, it takes 0.00 sec.
Global Routing step 1 processed 0 nets, it takes 0.02 sec.
Global Routing step 2 processed 0 nets, it takes 0.03 sec.
Unrouted nets 320 at the end of iteration 0.
Unrouted nets 225 at the end of iteration 1.
Unrouted nets 179 at the end of iteration 2.
Unrouted nets 148 at the end of iteration 3.
Unrouted nets 123 at the end of iteration 4.
Unrouted nets 91 at the end of iteration 5.
Unrouted nets 88 at the end of iteration 6.
Unrouted nets 88 at the end of iteration 7.
Unrouted nets 68 at the end of iteration 8.
Unrouted nets 65 at the end of iteration 9.
Unrouted nets 33 at the end of iteration 10.
Unrouted nets 31 at the end of iteration 11.
Unrouted nets 23 at the end of iteration 12.
Unrouted nets 13 at the end of iteration 13.
Unrouted nets 13 at the end of iteration 14.
Unrouted nets 4 at the end of iteration 15.
Unrouted nets 0 at the end of iteration 16.
Global Routing step 3 processed 447 nets, it takes 10.86 sec.
Global routing takes 10.92 sec.
Total 11317 subnets.
    forward max bucket size 23952 , backward 1042.
        Unrouted nets 8664 at the end of iteration 0.
    route iteration 0, CPU time elapsed 3.843750 sec.
    forward max bucket size 1029 , backward 797.
        Unrouted nets 6737 at the end of iteration 1.
    route iteration 1, CPU time elapsed 2.328125 sec.
    forward max bucket size 977 , backward 778.
        Unrouted nets 5393 at the end of iteration 2.
    route iteration 2, CPU time elapsed 2.093750 sec.
    forward max bucket size 25663 , backward 684.
        Unrouted nets 4388 at the end of iteration 3.
    route iteration 3, CPU time elapsed 3.546875 sec.
    forward max bucket size 25983 , backward 878.
        Unrouted nets 3715 at the end of iteration 4.
    route iteration 4, CPU time elapsed 3.531250 sec.
    forward max bucket size 581 , backward 706.
        Unrouted nets 3154 at the end of iteration 5.
    route iteration 5, CPU time elapsed 2.171875 sec.
    forward max bucket size 733 , backward 611.
        Unrouted nets 3416 at the end of iteration 6.
    route iteration 6, CPU time elapsed 1.734375 sec.
    forward max bucket size 635 , backward 900.
        Unrouted nets 3096 at the end of iteration 7.
    route iteration 7, CPU time elapsed 1.406250 sec.
    forward max bucket size 714 , backward 661.
        Unrouted nets 2643 at the end of iteration 8.
    route iteration 8, CPU time elapsed 1.187500 sec.
    forward max bucket size 848 , backward 1185.
        Unrouted nets 2281 at the end of iteration 9.
    route iteration 9, CPU time elapsed 0.984375 sec.
    forward max bucket size 601 , backward 604.
        Unrouted nets 1850 at the end of iteration 10.
    route iteration 10, CPU time elapsed 0.859375 sec.
    forward max bucket size 530 , backward 552.
        Unrouted nets 1543 at the end of iteration 11.
    route iteration 11, CPU time elapsed 0.843750 sec.
    forward max bucket size 520 , backward 528.
        Unrouted nets 1272 at the end of iteration 12.
    route iteration 12, CPU time elapsed 0.671875 sec.
    forward max bucket size 587 , backward 586.
        Unrouted nets 1053 at the end of iteration 13.
    route iteration 13, CPU time elapsed 0.609375 sec.
    forward max bucket size 317 , backward 518.
        Unrouted nets 891 at the end of iteration 14.
    route iteration 14, CPU time elapsed 0.562500 sec.
    forward max bucket size 573 , backward 456.
        Unrouted nets 747 at the end of iteration 15.
    route iteration 15, CPU time elapsed 0.468750 sec.
    forward max bucket size 28347 , backward 500.
        Unrouted nets 562 at the end of iteration 16.
    route iteration 16, CPU time elapsed 2.015625 sec.
    forward max bucket size 28336 , backward 460.
        Unrouted nets 469 at the end of iteration 17.
    route iteration 17, CPU time elapsed 1.750000 sec.
    forward max bucket size 307 , backward 379.
        Unrouted nets 412 at the end of iteration 18.
    route iteration 18, CPU time elapsed 0.250000 sec.
    forward max bucket size 203 , backward 402.
        Unrouted nets 290 at the end of iteration 19.
    route iteration 19, CPU time elapsed 0.203125 sec.
    forward max bucket size 108 , backward 203.
        Unrouted nets 266 at the end of iteration 20.
    route iteration 20, CPU time elapsed 0.187500 sec.
    forward max bucket size 234 , backward 432.
        Unrouted nets 241 at the end of iteration 21.
    route iteration 21, CPU time elapsed 0.187500 sec.
    forward max bucket size 366 , backward 407.
        Unrouted nets 212 at the end of iteration 22.
    route iteration 22, CPU time elapsed 0.171875 sec.
    forward max bucket size 167 , backward 505.
        Unrouted nets 163 at the end of iteration 23.
    route iteration 23, CPU time elapsed 0.140625 sec.
    forward max bucket size 252 , backward 539.
        Unrouted nets 139 at the end of iteration 24.
    route iteration 24, CPU time elapsed 0.125000 sec.
    forward max bucket size 199 , backward 248.
        Unrouted nets 109 at the end of iteration 25.
    route iteration 25, CPU time elapsed 0.109375 sec.
    forward max bucket size 116 , backward 105.
        Unrouted nets 82 at the end of iteration 26.
    route iteration 26, CPU time elapsed 0.093750 sec.
    forward max bucket size 33 , backward 36.
        Unrouted nets 52 at the end of iteration 27.
    route iteration 27, CPU time elapsed 0.093750 sec.
    forward max bucket size 196 , backward 70.
        Unrouted nets 44 at the end of iteration 28.
    route iteration 28, CPU time elapsed 0.093750 sec.
    forward max bucket size 84 , backward 81.
        Unrouted nets 36 at the end of iteration 29.
    route iteration 29, CPU time elapsed 0.078125 sec.
    forward max bucket size 33 , backward 48.
        Unrouted nets 33 at the end of iteration 30.
    route iteration 30, CPU time elapsed 0.078125 sec.
    forward max bucket size 16 , backward 36.
        Unrouted nets 15 at the end of iteration 31.
    route iteration 31, CPU time elapsed 0.062500 sec.
    forward max bucket size 24 , backward 49.
        Unrouted nets 10 at the end of iteration 32.
    route iteration 32, CPU time elapsed 0.046875 sec.
    forward max bucket size 38 , backward 33.
        Unrouted nets 2 at the end of iteration 33.
    route iteration 33, CPU time elapsed 0.062500 sec.
    forward max bucket size 11 , backward 7.
        Unrouted nets 2 at the end of iteration 34.
    route iteration 34, CPU time elapsed 0.062500 sec.
    forward max bucket size 5 , backward 5.
        Unrouted nets 0 at the end of iteration 35.
    route iteration 35, CPU time elapsed 0.062500 sec.
C: Route-2036: The clock path from top_dht22_inst/HEX8_inst/clk_1k/opit_0_inv:Q to top_dht22_inst/HEX8_inst/sel_r[7]/opit_0_inv_L5Q:CLK is routed by SRB.
C: Route-2036: The clock path from jtag_TCK_ibuf/opit_1:OUT to clkbufg_0/gopclkbufg:CLK is routed by SRB.
C: Route-2036: The clock path from top_dht22_inst/DHT22_drive_inst/clk_1m/opit_0_inv:Q to top_dht22_inst/DHT22_drive_inst/dht22_d1/opit_0_inv:CLK is routed by SRB.
Detailed routing takes 33.55 sec.

Dispose routing result:
    Collect routing result.
    Delete unused device instances.
    Annotate routing result.
    Change LUT configuration.
    Dispose misc instances.
I: Route-6001: Insert route through in CLMA_90_197.
I: Route-6001: Insert route through in CLMS_102_205.
I: Route-6001: Insert route through in CLMS_86_165.
I: Route-6001: Insert route through in CLMA_82_161.
I: Route-6001: Insert route through in CLMA_94_212.
I: Route-6001: Insert route through in CLMS_38_205.
I: Route-6001: Insert route through in CLMS_94_201.
I: Route-6001: Insert route through in CLMA_50_117.
I: Route-6001: Insert route through in CLMA_50_160.
I: Route-6001: Insert route through in CLMA_46_172.
I: Route-6001: Insert route through in CLMA_86_260.
I: Route-6001: Insert route through in CLMA_50_200.
I: Route-6001: Insert route through in CLMA_70_192.
I: Route-6001: Insert route through in CLMA_42_293.
I: Route-6001: Insert route through in CLMA_70_109.
I: Route-6001: Insert route through in CLMS_78_89.
I: Route-6001: Insert route through in CLMS_18_209.
I: Route-6001: Insert route through in CLMA_42_165.
I: Route-6001: Insert route through in CLMA_90_200.
I: Route-6001: Insert route through in CLMA_50_181.
I: Route-6001: Insert route through in CLMA_50_196.
I: Route-6001: Insert route through in CLMA_42_168.
I: Route-6001: Insert route through in CLMA_94_240.
I: Route-6001: Insert route through in CLMA_50_121.
I: Route-6001: Insert route through in CLMA_82_93.
I: Route-6001: Insert route through in CLMA_30_209.
I: Route-6001: Insert route through in CLMA_42_81.
I: Route-6001: Insert route through in CLMA_90_132.
I: Route-6001: Insert route through in CLMA_102_92.
I: Route-6001: Insert route through in CLMA_94_240.
I: Route-6001: Insert route through in CLMA_90_144.
I: Route-6001: Insert route through in CLMA_58_132.
I: Route-6001: Insert route through in CLMA_70_160.
I: Route-6001: Insert route through in CLMS_86_105.
I: Route-6001: Insert route through in CLMA_118_249.
I: Route-6001: Insert route through in CLMA_26_72.
I: Route-6001: Insert route through in CLMS_86_45.
I: Route-6001: Insert route through in CLMA_14_264.
I: Route-6001: Insert route through in CLMA_106_113.
I: Route-6001: Insert route through in CLMA_42_249.
I: Route-6001: Insert route through in CLMA_30_65.
I: Route-6001: Insert route through in CLMA_118_249.
I: Route-6001: Insert route through in CLMA_90_272.
I: Route-6001: Insert route through in CLMS_26_249.
    Annotate routing result again.
Finish routing takes 2.11 sec.
The timing paths of the clock top_dht22_inst/DHT22_drive_inst/clk_1m/Q[0]_Inferred have hold violation, the worst slack : -165.
All timing paths hold violation have been fixed.
Hold fix iterated 16 times
The hold violation of the clock top_dht22_inst/DHT22_drive_inst/clk_1m/Q[0]_Inferred has been fixed successfully, the finally worst slack: 27(slow), 83(fast).
Hold violation fix takes 42.55 sec.
Used srb routing arc is 121649.
Cleanup routing takes 0.02 sec.
Routing done.
Total routing takes 92.17 sec.


Device Utilization Summary :
+----------------------------------------------------------------------------+
| Logic Utilization        | Used     | Available     | Utilization(%)     
+----------------------------------------------------------------------------+
| Use of ADC               | 0        | 1             | 0                   
| Use of APM               | 4        | 30            | 13                  
| Use of BKCL              | 4        | 6             | 67                  
| Use of CLMA              | 1859     | 3274          | 57                  
|   FF                     | 1825     | 19644         | 9                   
|   LUT                    | 5068     | 13096         | 39                  
|   LUT-FF pairs           | 1258     | 13096         | 10                  
| Use of CLMS              | 702      | 1110          | 63                  
|   FF                     | 414      | 6660          | 6                   
|   LUT                    | 1925     | 4440          | 43                  
|   LUT-FF pairs           | 291      | 4440          | 7                   
|   Distributed RAM        | 704      | 4440          | 16                  
| Use of CRYSTAL           | 0        | 6             | 0                   
| Use of DLL               | 0        | 6             | 0                   
| Use of DQSL              | 0        | 18            | 0                   
| Use of DRM               | 0        | 48            | 0                   
| Use of FLSIF             | 0        | 1             | 0                   
| Use of FUSECODE          | 0        | 1             | 0                   
| Use of HARD0N1           | 0        | 2745          | 0                   
| Use of HMEMC             | 0        | 2             | 0                   
| Use of IO                | 34       | 240           | 14                  
|   IOBD                   | 18       | 120           | 15                  
|   IOBR                   | 2        | 6             | 33                  
|   IOBS                   | 14       | 114           | 12                  
| Use of IOCKDIV           | 0        | 12            | 0                   
| Use of IOCKDLY           | 0        | 24            | 0                   
| Use of IOCKGATE          | 0        | 12            | 0                   
| Use of IOCKGMUX_TEST     | 0        | 12            | 0                   
| Use of IOL               | 34       | 240           | 14                  
| Use of IPAL              | 0        | 1             | 0                   
| Use of MFG_TEST          | 0        | 1             | 0                   
| Use of OSC               | 0        | 1             | 0                   
| Use of PLL               | 0        | 6             | 0                   
| Use of PREGMUX_TEST      | 0        | 6             | 0                   
| Use of RCKB              | 0        | 24            | 0                   
| Use of RCKBMUX_TEST      | 0        | 12            | 0                   
| Use of RESCAL            | 0        | 6             | 0                   
| Use of SCANCHAIN         | 0        | 4             | 0                   
| Use of START             | 1        | 1             | 100                 
| Use of UDID              | 0        | 1             | 0                   
| Use of USCM              | 2        | 20            | 10                  
| Use of USCMMUX_TEST      | 0        | 20            | 0                   
| Use of VCKBMUX_TEST      | 0        | 12            | 0                   
+----------------------------------------------------------------------------+

Finished routing. (CPU time elapsed 0h:02m:22s)
Design 'tinyriscv_soc_top' has been placed and routed successfully.
Saving design to DB.
Action pnr: Real time elapsed is 150.000 sec
Action pnr: CPU time elapsed is 146.094 sec
Current time: Thu Nov 11 23:15:20 2021
Action pnr: Peak memory pool usage is 744,148,992 bytes
Finished placement and routing. (CPU time elapsed 0h:02m:22s)
