#Build: Fabric Compiler 2020.3-Lite, Build 71107, Mar 15 18:01 2021
#Install: D:\pango\PDS_2020.3-Lite\bin
#Application name: pds_shell.exe
#OS: Windows 10 10.0.22000
#Hostname: LAPTOP-NN2U833S
Generated by Fabric Compiler (version 2020.3-Lite build 71107) at Thu Nov 11 21:30:53 2021
Compiling verification operator library.
Compiling common defs.
Compiling prim grid devices.
Compiling gate devices.
Compiling gate operators.
Building architecture model.
Loading device packaging model 'MBG324'.
I: Parameter configuration file G:/FPGA_Competition/my_riscv_soc_11.11/testparam.txt cannot open.
Starting placement and routing flow. (CPU time elapsed 0h:00m:00s)
Reading design from devmap DB.
Building architecture floorplan logic view.
Executing : apply_constraint -f G:/FPGA_Competition/my_riscv_soc_11.11/device_map/tinyriscv_soc_top.pcf
Executing : def_port dht22 -LOC N18 -IOSTANDARD LVCMOS33 -VCCIO 3.3 -DRIVE 4 -SLEW SLOW
Executing : def_port dht22 -LOC N18 -IOSTANDARD LVCMOS33 -VCCIO 3.3 -DRIVE 4 -SLEW SLOW successfully.
Executing : def_port {gpio[0]} -LOC V10 -IOSTANDARD LVCMOS33 -VCCIO 3.3 -BUS_KEEPER NONE -DRIVE 4 -SLEW SLOW
Executing : def_port {gpio[0]} -LOC V10 -IOSTANDARD LVCMOS33 -VCCIO 3.3 -BUS_KEEPER NONE -DRIVE 4 -SLEW SLOW successfully.
Executing : def_port {gpio[1]} -LOC U11 -IOSTANDARD LVCMOS33 -VCCIO 3.3 -BUS_KEEPER NONE -DRIVE 4 -SLEW SLOW
Executing : def_port {gpio[1]} -LOC U11 -IOSTANDARD LVCMOS33 -VCCIO 3.3 -BUS_KEEPER NONE -DRIVE 4 -SLEW SLOW successfully.
Executing : def_port {gpio[2]} -LOC P13 -IOSTANDARD LVCMOS33 -VCCIO 3.3 -DRIVE 4 -SLEW SLOW
Executing : def_port {gpio[2]} -LOC P13 -IOSTANDARD LVCMOS33 -VCCIO 3.3 -DRIVE 4 -SLEW SLOW successfully.
Executing : def_port {gpio[3]} -LOC P14 -IOSTANDARD LVCMOS33 -VCCIO 3.3 -DRIVE 4 -SLEW SLOW
Executing : def_port {gpio[3]} -LOC P14 -IOSTANDARD LVCMOS33 -VCCIO 3.3 -DRIVE 4 -SLEW SLOW successfully.
Executing : def_port {gpio[4]} -LOC R15 -IOSTANDARD LVCMOS33 -VCCIO 3.3 -DRIVE 4 -SLEW SLOW
Executing : def_port {gpio[4]} -LOC R15 -IOSTANDARD LVCMOS33 -VCCIO 3.3 -DRIVE 4 -SLEW SLOW successfully.
Executing : def_port {gpio[5]} -LOC R14 -IOSTANDARD LVCMOS33 -VCCIO 3.3 -DRIVE 4 -SLEW SLOW
Executing : def_port {gpio[5]} -LOC R14 -IOSTANDARD LVCMOS33 -VCCIO 3.3 -DRIVE 4 -SLEW SLOW successfully.
Executing : def_port {gpio[6]} -LOC T16 -IOSTANDARD LVCMOS33 -VCCIO 3.3 -DRIVE 4 -SLEW SLOW
Executing : def_port {gpio[6]} -LOC T16 -IOSTANDARD LVCMOS33 -VCCIO 3.3 -DRIVE 4 -SLEW SLOW successfully.
Executing : def_port {gpio[7]} -LOC R16 -IOSTANDARD LVCMOS33 -VCCIO 3.3 -DRIVE 4 -SLEW SLOW
Executing : def_port {gpio[7]} -LOC R16 -IOSTANDARD LVCMOS33 -VCCIO 3.3 -DRIVE 4 -SLEW SLOW successfully.
Executing : def_port {gpio[8]} -LOC U16 -IOSTANDARD LVCMOS33 -VCCIO 3.3 -DRIVE 4 -SLEW SLOW
Executing : def_port {gpio[8]} -LOC U16 -IOSTANDARD LVCMOS33 -VCCIO 3.3 -DRIVE 4 -SLEW SLOW successfully.
Executing : def_port {gpio[9]} -LOC V16 -IOSTANDARD LVCMOS33 -VCCIO 3.3 -DRIVE 4 -SLEW SLOW
Executing : def_port {gpio[9]} -LOC V16 -IOSTANDARD LVCMOS33 -VCCIO 3.3 -DRIVE 4 -SLEW SLOW successfully.
Executing : def_port DIO -LOC L15 -IOSTANDARD LVCMOS33 -VCCIO 3.3 -DRIVE 4 -SLEW SLOW
Executing : def_port DIO -LOC L15 -IOSTANDARD LVCMOS33 -VCCIO 3.3 -DRIVE 4 -SLEW SLOW successfully.
Executing : def_port RCLK -LOC L14 -IOSTANDARD LVCMOS33 -VCCIO 3.3 -DRIVE 4 -SLEW SLOW
Executing : def_port RCLK -LOC L14 -IOSTANDARD LVCMOS33 -VCCIO 3.3 -DRIVE 4 -SLEW SLOW successfully.
Executing : def_port SCLK -LOC L18 -IOSTANDARD LVCMOS33 -VCCIO 3.3 -DRIVE 4 -SLEW SLOW
Executing : def_port SCLK -LOC L18 -IOSTANDARD LVCMOS33 -VCCIO 3.3 -DRIVE 4 -SLEW SLOW successfully.
Executing : def_port hum_flag_led -LOC V11 -IOSTANDARD LVCMOS33 -VCCIO 3.3 -DRIVE 4 -SLEW SLOW
Executing : def_port hum_flag_led -LOC V11 -IOSTANDARD LVCMOS33 -VCCIO 3.3 -DRIVE 4 -SLEW SLOW successfully.
Executing : def_port hum_flag_o -LOC L17 -IOSTANDARD LVCMOS33 -VCCIO 3.3 -DRIVE 4 -SLEW SLOW
Executing : def_port hum_flag_o -LOC L17 -IOSTANDARD LVCMOS33 -VCCIO 3.3 -DRIVE 4 -SLEW SLOW successfully.
Executing : def_port jtag_TDO -LOC P11 -IOSTANDARD LVCMOS33 -VCCIO 3.3 -DRIVE 4 -SLEW SLOW
Executing : def_port jtag_TDO -LOC P11 -IOSTANDARD LVCMOS33 -VCCIO 3.3 -DRIVE 4 -SLEW SLOW successfully.
Executing : def_port led_out_io -LOC U10 -IOSTANDARD LVCMOS33 -VCCIO 3.3 -DRIVE 4 -SLEW SLOW
Executing : def_port led_out_io -LOC U10 -IOSTANDARD LVCMOS33 -VCCIO 3.3 -DRIVE 4 -SLEW SLOW successfully.
Executing : def_port pwm_out_1 -LOC V18 -IOSTANDARD LVCMOS33 -VCCIO 3.3 -DRIVE 4 -SLEW SLOW
Executing : def_port pwm_out_1 -LOC V18 -IOSTANDARD LVCMOS33 -VCCIO 3.3 -DRIVE 4 -SLEW SLOW successfully.
Executing : def_port pwm_out_2 -LOC V17 -IOSTANDARD LVCMOS33 -VCCIO 3.3 -DRIVE 4 -SLEW SLOW
Executing : def_port pwm_out_2 -LOC V17 -IOSTANDARD LVCMOS33 -VCCIO 3.3 -DRIVE 4 -SLEW SLOW successfully.
Executing : def_port pwm_out_3 -LOC T18 -IOSTANDARD LVCMOS33 -VCCIO 3.3 -DRIVE 4 -SLEW SLOW
Executing : def_port pwm_out_3 -LOC T18 -IOSTANDARD LVCMOS33 -VCCIO 3.3 -DRIVE 4 -SLEW SLOW successfully.
Executing : def_port spi_clk -LOC C9 -IOSTANDARD LVCMOS33 -VCCIO 3.3 -BUS_KEEPER PULLUP -DRIVE 4
C: ConstraintEditor-2007: [G:/FPGA_Competition/my_riscv_soc_11.11/device_map/tinyriscv_soc_top.pcf] Port spi_clk lack of slew, output port and inout port had better set slew value, the default value is SLOW.
Executing : def_port spi_clk -LOC C9 -IOSTANDARD LVCMOS33 -VCCIO 3.3 -BUS_KEEPER PULLUP -DRIVE 4 successfully.
Executing : def_port spi_mosi -LOC B4 -IOSTANDARD LVCMOS33 -VCCIO 3.3 -BUS_KEEPER PULLUP -DRIVE 4
C: ConstraintEditor-2007: [G:/FPGA_Competition/my_riscv_soc_11.11/device_map/tinyriscv_soc_top.pcf] Port spi_mosi lack of slew, output port and inout port had better set slew value, the default value is SLOW.
Executing : def_port spi_mosi -LOC B4 -IOSTANDARD LVCMOS33 -VCCIO 3.3 -BUS_KEEPER PULLUP -DRIVE 4 successfully.
Executing : def_port spi_ss -LOC B8 -IOSTANDARD LVCMOS33 -VCCIO 3.3 -DRIVE 4
C: ConstraintEditor-2007: [G:/FPGA_Competition/my_riscv_soc_11.11/device_map/tinyriscv_soc_top.pcf] Port spi_ss lack of slew, output port and inout port had better set slew value, the default value is SLOW.
Executing : def_port spi_ss -LOC B8 -IOSTANDARD LVCMOS33 -VCCIO 3.3 -DRIVE 4 successfully.
Executing : def_port tx -LOC U17 -IOSTANDARD LVCMOS33 -VCCIO 3.3 -DRIVE 4 -SLEW SLOW
Executing : def_port tx -LOC U17 -IOSTANDARD LVCMOS33 -VCCIO 3.3 -DRIVE 4 -SLEW SLOW successfully.
Executing : def_port tx_uart -LOC C10 -IOSTANDARD LVCMOS33 -VCCIO 3.3 -DRIVE 4 -SLEW SLOW
Executing : def_port tx_uart -LOC C10 -IOSTANDARD LVCMOS33 -VCCIO 3.3 -DRIVE 4 -SLEW SLOW successfully.
Executing : def_port clk -LOC B5 -IOSTANDARD LVCMOS33 -VCCIO 3.3
Executing : def_port clk -LOC B5 -IOSTANDARD LVCMOS33 -VCCIO 3.3 successfully.
Executing : def_port jtag_TCK -LOC P12 -IOSTANDARD LVCMOS33 -VCCIO 3.3
Executing : def_port jtag_TCK -LOC P12 -IOSTANDARD LVCMOS33 -VCCIO 3.3 successfully.
Executing : def_port jtag_TDI -LOC T11 -IOSTANDARD LVCMOS33 -VCCIO 3.3
Executing : def_port jtag_TDI -LOC T11 -IOSTANDARD LVCMOS33 -VCCIO 3.3 successfully.
Executing : def_port jtag_TMS -LOC R11 -IOSTANDARD LVCMOS33 -VCCIO 3.3
Executing : def_port jtag_TMS -LOC R11 -IOSTANDARD LVCMOS33 -VCCIO 3.3 successfully.
Executing : def_port light_sense -LOC N16 -IOSTANDARD LVCMOS33 -VCCIO 3.3
Executing : def_port light_sense -LOC N16 -IOSTANDARD LVCMOS33 -VCCIO 3.3 successfully.
Executing : def_port rst -LOC U12 -IOSTANDARD LVCMOS33 -VCCIO 3.3
Executing : def_port rst -LOC U12 -IOSTANDARD LVCMOS33 -VCCIO 3.3 successfully.
Executing : def_port spi_miso -LOC A4 -IOSTANDARD LVCMOS33 -VCCIO 3.3
C: ConstraintEditor-2001: [G:/FPGA_Competition/my_riscv_soc_11.11/device_map/tinyriscv_soc_top.pcf(line number: 35)] Object 'spi_miso' is dangling, which has no connection. it will be ignored.
Executing : def_port spi_miso -LOC A4 -IOSTANDARD LVCMOS33 -VCCIO 3.3 successfully.
W: ConstraintEditor-4019: Port 'uart_tx_pin' unspecified I/O constraint.
W: ConstraintEditor-4019: Port 'stop' unspecified I/O constraint.
W: ConstraintEditor-4019: Port 'uart_rx_pin' unspecified I/O constraint.
Executing : apply_constraint -f G:/FPGA_Competition/my_riscv_soc_11.11/device_map/tinyriscv_soc_top.pcf successfully.

Placement started.
Mapping instance clkbufg_1/gopclkbufg to USCM_74_104.
C: Place-2028: GLOBAL_CLOCK: the driver jtag_TCK_ibuf/opit_1 fixed at IOL_151_85 is unreasonable. Sub-optimal placement for a clock source and a clock buffer.
Mapping instance clkbufg_0/gopclkbufg to USCM_74_133.
Pre global placement takes 46.16 sec.
Run super clustering :
	Initial slack 494943.
	2 iterations finished.
	Final slack 495092.
Super clustering done.
Design Utilization : 45%.
Global placement takes 36.42 sec.
Wirelength after global placement is 84971.
Placed fixed group with base inst DIO_obuf/opit_1 on IOL_151_130.
Placed fixed group with base inst RCLK_obuf/opit_1 on IOL_151_129.
Placed fixed group with base inst SCLK_obuf/opit_1 on IOL_151_166.
Placed fixed group with base inst clk_ibuf/opit_1 on IOL_7_298.
Placed fixed instance clkbufg_0/gopclkbufg on USCM_74_133.
Placed fixed instance clkbufg_1/gopclkbufg on USCM_74_104.
Placed fixed group with base inst gpio_tri[0]/opit_1 on IOL_151_113.
Placed fixed group with base inst gpio_tri[1]/opit_1 on IOL_151_102.
Placed fixed group with base inst gpio_tri[2]/opit_1 on IOL_151_10.
Placed fixed group with base inst gpio_tri[3]/opit_1 on IOL_151_9.
Placed fixed group with base inst gpio_tri[4]/opit_1 on IOL_151_17.
Placed fixed group with base inst gpio_tri[5]/opit_1 on IOL_151_18.
Placed fixed group with base inst gpio_tri[6]/opit_1 on IOL_151_41.
Placed fixed group with base inst gpio_tri[7]/opit_1 on IOL_151_42.
Placed fixed group with base inst gpio_tri[8]/opit_1 on IOL_151_21.
Placed fixed group with base inst gpio_tri[9]/opit_1 on IOL_151_22.
Placed fixed group with base inst hum_flag_led_obuf/opit_1 on IOL_151_101.
Placed fixed group with base inst hum_flag_o_obuf/opit_1 on IOL_151_165.
Placed fixed group with base inst jtag_TCK_ibuf/opit_1 on IOL_151_85.
Placed fixed group with base inst jtag_TDI_ibuf/opit_1 on IOL_151_89.
Placed fixed group with base inst jtag_TDO_obuf/opit_1 on IOL_151_86.
Placed fixed group with base inst jtag_TMS_ibuf/opit_1 on IOL_151_90.
Placed fixed group with base inst led_out_io_obuf/opit_1 on IOL_151_114.
Placed fixed group with base inst light_sense_ibuf/opit_1 on IOL_151_133.
Placed fixed group with base inst pwm_out_1_obuf/opit_1 on IOL_151_82.
Placed fixed group with base inst pwm_out_2_obuf/opit_1 on IOL_151_81.
Placed fixed group with base inst pwm_out_3_obuf/opit_1 on IOL_151_74.
Placed fixed group with base inst rst_ibuf/opit_1 on IOL_151_106.
Placed fixed group with base inst spi_clk/opit_1 on IOL_7_353.
Placed fixed group with base inst spi_mosi/opit_1 on IOL_7_290.
Placed fixed group with base inst spi_ss/opit_1 on IOL_7_350.
Placed fixed group with base inst top_dht22_inst.DHT22_drive_inst.dht22_tri/opit_1 on IOL_151_138.
Placed fixed group with base inst tx_obuf/opit_1 on IOL_151_77.
Placed fixed group with base inst tx_uart_obuf/opit_1 on IOL_151_361.
Placed fixed instance BKCL_auto_0 on BKCL_2_268.
Placed fixed instance BKCL_auto_1 on BKCL_154_268.
Placed fixed instance BKCL_auto_2 on BKCL_154_144.
Placed fixed instance BKCL_auto_3 on BKCL_154_20.
Wirelength after Macro cell placement is 88770.
Macro cell placement takes 0.28 sec.
Run super clustering :
	Initial slack 494943.
	2 iterations finished.
	Final slack 495092.
Super clustering done.
Design Utilization : 45%.
Wirelength after post global placement is 94107.
Post global placement takes 38.73 sec.
Wirelength after legalization is 97506.
Legalization takes 2.23 sec.
Worst slack before Replication Place is 497264.
Wirelength after replication placement is 97506.
Legalized cost 497264.000000.
The detailed placement ends at 11th iteration.
Wirelength after detailed placement is 97509.
Timing-driven detailed placement takes 12.64 sec.
Placement done.
Total placement takes 141.66 sec.
Finished placement. (CPU time elapsed 0h:02m:26s)

Routing started.
Building routing graph takes 4.55 sec.
Worst slack is 497177.
Processing design graph takes 2.11 sec.
Total memory for routing:
	52.468712 M.
Total nets for routing : 8749.
Rcf routing step 1 processed 0 nets, it takes 0.00 sec.
Rcf routing step 2 processed 0 nets, it takes 0.00 sec.
Rcf routing step 3 processed 0 nets, it takes 0.00 sec.
Global Routing step 1 processed 0 nets, it takes 0.11 sec.
Global Routing step 2 processed 0 nets, it takes 0.11 sec.
Unrouted nets 314 at the end of iteration 0.
Unrouted nets 255 at the end of iteration 1.
Unrouted nets 216 at the end of iteration 2.
Unrouted nets 192 at the end of iteration 3.
Unrouted nets 187 at the end of iteration 4.
Unrouted nets 189 at the end of iteration 5.
Unrouted nets 183 at the end of iteration 6.
Unrouted nets 190 at the end of iteration 7.
Unrouted nets 174 at the end of iteration 8.
Unrouted nets 160 at the end of iteration 9.
Unrouted nets 148 at the end of iteration 10.
Unrouted nets 146 at the end of iteration 11.
Unrouted nets 124 at the end of iteration 12.
Unrouted nets 97 at the end of iteration 13.
Unrouted nets 70 at the end of iteration 14.
Unrouted nets 68 at the end of iteration 15.
Unrouted nets 64 at the end of iteration 16.
Unrouted nets 51 at the end of iteration 17.
Unrouted nets 32 at the end of iteration 18.
Unrouted nets 20 at the end of iteration 19.
Unrouted nets 12 at the end of iteration 20.
Unrouted nets 12 at the end of iteration 21.
Unrouted nets 8 at the end of iteration 22.
Unrouted nets 2 at the end of iteration 23.
Unrouted nets 0 at the end of iteration 24.
Global Routing step 3 processed 385 nets, it takes 59.14 sec.
Global routing takes 59.41 sec.
Total 13122 subnets.
    forward max bucket size 23212 , backward 1244.
        Unrouted nets 10302 at the end of iteration 0.
    route iteration 0, CPU time elapsed 9.203125 sec.
    forward max bucket size 24433 , backward 1034.
        Unrouted nets 8196 at the end of iteration 1.
    route iteration 1, CPU time elapsed 8.906250 sec.
    forward max bucket size 25316 , backward 1087.
        Unrouted nets 6822 at the end of iteration 2.
    route iteration 2, CPU time elapsed 9.796875 sec.
    forward max bucket size 26046 , backward 895.
        Unrouted nets 5740 at the end of iteration 3.
    route iteration 3, CPU time elapsed 10.359375 sec.
    forward max bucket size 26960 , backward 1268.
        Unrouted nets 4833 at the end of iteration 4.
    route iteration 4, CPU time elapsed 12.125000 sec.
    forward max bucket size 27058 , backward 1504.
        Unrouted nets 4101 at the end of iteration 5.
    route iteration 5, CPU time elapsed 13.937500 sec.
    forward max bucket size 2836 , backward 1191.
        Unrouted nets 4759 at the end of iteration 6.
    route iteration 6, CPU time elapsed 10.734375 sec.
    forward max bucket size 1778 , backward 1285.
        Unrouted nets 4630 at the end of iteration 7.
    route iteration 7, CPU time elapsed 8.875000 sec.
    forward max bucket size 31899 , backward 1592.
        Unrouted nets 4299 at the end of iteration 8.
    route iteration 8, CPU time elapsed 9.203125 sec.
    forward max bucket size 30940 , backward 1428.
        Unrouted nets 3854 at the end of iteration 9.
    route iteration 9, CPU time elapsed 8.062500 sec.
    forward max bucket size 30874 , backward 1226.
        Unrouted nets 3342 at the end of iteration 10.
    route iteration 10, CPU time elapsed 7.296875 sec.
    forward max bucket size 3452 , backward 1479.
        Unrouted nets 2863 at the end of iteration 11.
    route iteration 11, CPU time elapsed 5.296875 sec.
    forward max bucket size 32126 , backward 1631.
        Unrouted nets 2483 at the end of iteration 12.
    route iteration 12, CPU time elapsed 6.171875 sec.
    forward max bucket size 4087 , backward 1075.
        Unrouted nets 2126 at the end of iteration 13.
    route iteration 13, CPU time elapsed 4.109375 sec.
    forward max bucket size 31937 , backward 851.
        Unrouted nets 1780 at the end of iteration 14.
    route iteration 14, CPU time elapsed 4.609375 sec.
    forward max bucket size 34166 , backward 1215.
        Unrouted nets 1452 at the end of iteration 15.
    route iteration 15, CPU time elapsed 4.109375 sec.
    forward max bucket size 33838 , backward 959.
        Unrouted nets 1284 at the end of iteration 16.
    route iteration 16, CPU time elapsed 3.578125 sec.
    forward max bucket size 1591 , backward 792.
        Unrouted nets 1049 at the end of iteration 17.
    route iteration 17, CPU time elapsed 2.250000 sec.
    forward max bucket size 1989 , backward 625.
        Unrouted nets 864 at the end of iteration 18.
    route iteration 18, CPU time elapsed 1.890625 sec.
    forward max bucket size 1012 , backward 588.
        Unrouted nets 799 at the end of iteration 19.
    route iteration 19, CPU time elapsed 1.703125 sec.
    forward max bucket size 921 , backward 691.
        Unrouted nets 694 at the end of iteration 20.
    route iteration 20, CPU time elapsed 1.406250 sec.
    forward max bucket size 706 , backward 332.
        Unrouted nets 555 at the end of iteration 21.
    route iteration 21, CPU time elapsed 1.046875 sec.
    forward max bucket size 1289 , backward 287.
        Unrouted nets 452 at the end of iteration 22.
    route iteration 22, CPU time elapsed 0.921875 sec.
    forward max bucket size 988 , backward 801.
        Unrouted nets 378 at the end of iteration 23.
    route iteration 23, CPU time elapsed 0.781250 sec.
    forward max bucket size 552 , backward 402.
        Unrouted nets 310 at the end of iteration 24.
    route iteration 24, CPU time elapsed 0.562500 sec.
    forward max bucket size 755 , backward 367.
        Unrouted nets 263 at the end of iteration 25.
    route iteration 25, CPU time elapsed 0.484375 sec.
    forward max bucket size 391 , backward 248.
        Unrouted nets 196 at the end of iteration 26.
    route iteration 26, CPU time elapsed 0.468750 sec.
    forward max bucket size 253 , backward 237.
        Unrouted nets 155 at the end of iteration 27.
    route iteration 27, CPU time elapsed 0.343750 sec.
    forward max bucket size 707 , backward 515.
        Unrouted nets 147 at the end of iteration 28.
    route iteration 28, CPU time elapsed 0.359375 sec.
    forward max bucket size 596 , backward 319.
        Unrouted nets 135 at the end of iteration 29.
    route iteration 29, CPU time elapsed 0.406250 sec.
    forward max bucket size 713 , backward 529.
        Unrouted nets 112 at the end of iteration 30.
    route iteration 30, CPU time elapsed 0.375000 sec.
    forward max bucket size 537 , backward 320.
        Unrouted nets 83 at the end of iteration 31.
    route iteration 31, CPU time elapsed 0.218750 sec.
    forward max bucket size 363 , backward 350.
        Unrouted nets 58 at the end of iteration 32.
    route iteration 32, CPU time elapsed 0.171875 sec.
    forward max bucket size 448 , backward 448.
        Unrouted nets 45 at the end of iteration 33.
    route iteration 33, CPU time elapsed 0.156250 sec.
    forward max bucket size 447 , backward 448.
        Unrouted nets 41 at the end of iteration 34.
    route iteration 34, CPU time elapsed 0.125000 sec.
    forward max bucket size 504 , backward 351.
        Unrouted nets 31 at the end of iteration 35.
    route iteration 35, CPU time elapsed 0.156250 sec.
    forward max bucket size 270 , backward 322.
        Unrouted nets 24 at the end of iteration 36.
    route iteration 36, CPU time elapsed 0.109375 sec.
    forward max bucket size 557 , backward 189.
        Unrouted nets 26 at the end of iteration 37.
    route iteration 37, CPU time elapsed 0.109375 sec.
    forward max bucket size 525 , backward 61.
        Unrouted nets 31 at the end of iteration 38.
    route iteration 38, CPU time elapsed 0.125000 sec.
    forward max bucket size 176 , backward 222.
        Unrouted nets 26 at the end of iteration 39.
    route iteration 39, CPU time elapsed 0.218750 sec.
    forward max bucket size 123 , backward 140.
        Unrouted nets 27 at the end of iteration 40.
    route iteration 40, CPU time elapsed 0.140625 sec.
    forward max bucket size 106 , backward 60.
        Unrouted nets 15 at the end of iteration 41.
    route iteration 41, CPU time elapsed 0.156250 sec.
    forward max bucket size 105 , backward 217.
        Unrouted nets 13 at the end of iteration 42.
    route iteration 42, CPU time elapsed 0.156250 sec.
    forward max bucket size 123 , backward 163.
        Unrouted nets 13 at the end of iteration 43.
    route iteration 43, CPU time elapsed 0.093750 sec.
    forward max bucket size 170 , backward 214.
        Unrouted nets 10 at the end of iteration 44.
    route iteration 44, CPU time elapsed 0.109375 sec.
    forward max bucket size 50 , backward 41.
        Unrouted nets 2 at the end of iteration 45.
    route iteration 45, CPU time elapsed 0.093750 sec.
    forward max bucket size 10 , backward 8.
        Unrouted nets 0 at the end of iteration 46.
    route iteration 46, CPU time elapsed 0.078125 sec.
C: Route-2036: The clock path from jtag_TCK_ibuf/opit_1:OUT to clkbufg_0/gopclkbufg:CLK is routed by SRB.
C: Route-2036: The clock path from top_dht22_inst/HEX8_inst/clk_1k/opit_0_inv:Q to top_dht22_inst/HEX8_inst/sel_r[7]/opit_0_inv:CLK is routed by SRB.
C: Route-2036: The clock path from top_dht22_inst/DHT22_drive_inst/clk_1m/opit_0_inv:Q to top_dht22_inst/DHT22_drive_inst/cur_state[0]/opit_0_inv:CLK is routed by SRB.
Detailed routing takes 152.66 sec.

Dispose routing result:
    Collect routing result.
    Delete unused device instances.
    Annotate routing result.
    Change LUT configuration.
    Dispose misc instances.
I: Route-6001: Insert route through in CLMA_98_132.
I: Route-6001: Insert route through in CLMA_50_221.
I: Route-6001: Insert route through in CLMA_86_108.
I: Route-6001: Insert route through in CLMA_50_205.
I: Route-6001: Insert route through in CLMA_70_116.
I: Route-6001: Insert route through in CLMA_98_100.
I: Route-6001: Insert route through in CLMA_98_144.
I: Route-6001: Insert route through in CLMA_90_129.
I: Route-6001: Insert route through in CLMA_94_136.
I: Route-6001: Insert route through in CLMA_82_108.
I: Route-6001: Insert route through in CLMA_70_36.
I: Route-6001: Insert route through in CLMA_90_193.
I: Route-6001: Insert route through in CLMA_58_156.
I: Route-6001: Insert route through in CLMA_98_128.
I: Route-6001: Insert route through in CLMA_98_116.
I: Route-6001: Insert route through in CLMA_50_160.
I: Route-6001: Insert route through in CLMA_90_152.
I: Route-6001: Insert route through in CLMA_90_193.
I: Route-6001: Insert route through in CLMA_90_141.
I: Route-6001: Insert route through in CLMA_90_141.
I: Route-6001: Insert route through in CLMA_98_136.
I: Route-6001: Insert route through in CLMA_94_156.
I: Route-6001: Insert route through in CLMA_42_81.
I: Route-6001: Insert route through in CLMA_82_217.
I: Route-6001: Insert route through in CLMA_78_92.
I: Route-6001: Insert route through in CLMA_82_92.
I: Route-6001: Insert route through in CLMA_78_24.
I: Route-6001: Insert route through in CLMA_42_249.
I: Route-6001: Insert route through in CLMA_90_168.
I: Route-6001: Insert route through in CLMA_106_260.
I: Route-6001: Insert route through in CLMA_90_148.
I: Route-6001: Insert route through in CLMA_90_144.
I: Route-6001: Insert route through in CLMA_42_89.
I: Route-6001: Insert route through in CLMA_38_24.
I: Route-6001: Insert route through in CLMA_82_152.
I: Route-6001: Insert route through in CLMA_18_312.
I: Route-6001: Insert route through in CLMA_82_360.
I: Route-6001: Insert route through in CLMA_78_224.
I: Route-6001: Insert route through in CLMA_90_100.
I: Route-6001: Insert route through in CLMA_50_265.
I: Route-6001: Insert route through in CLMA_42_217.
I: Route-6001: Insert route through in CLMA_42_217.
I: Route-6001: Insert route through in CLMA_30_212.
I: Route-6001: Insert route through in CLMA_50_253.
I: Route-6001: Insert route through in CLMA_70_149.
I: Route-6001: Insert route through in CLMA_138_312.
I: Route-6001: Insert route through in CLMA_98_249.
I: Route-6001: Insert route through in CLMA_70_168.
I: Route-6001: Insert route through in CLMA_90_120.
I: Route-6001: Insert route through in CLMA_82_80.
I: Route-6001: Insert route through in CLMA_82_81.
I: Route-6001: Insert route through in CLMA_134_344.
I: Route-6001: Insert route through in CLMA_70_224.
I: Route-6001: Insert route through in CLMA_90_80.
I: Route-6001: Insert route through in USCM_74_111.
I: Route-6001: Insert route through in RCKB_7_184.
I: Route-6001: Insert route through in RCKB_151_186.
I: Route-6001: Insert route through in RCKB_151_187.
I: Route-6001: Insert route through in RCKB_151_184.
I: Route-6001: Insert route through in RCKB_151_185.
    Annotate routing result again.
Finish routing takes 7.36 sec.
No timing paths have hold violation.
Hold fix iterated 0 times
Hold violation fix takes 19.70 sec.
Used srb routing arc is 163270.
Cleanup routing takes 0.17 sec.
Routing done.
Total routing takes 251.28 sec.


Device Utilization Summary :
+----------------------------------------------------------------------------+
| Logic Utilization        | Used     | Available     | Utilization(%)     
+----------------------------------------------------------------------------+
| Use of ADC               | 0        | 1             | 0                   
| Use of APM               | 4        | 30            | 13                  
| Use of BKCL              | 4        | 6             | 67                  
| Use of CLMA              | 2265     | 3274          | 69                  
|   FF                     | 2219     | 19644         | 11                  
|   LUT                    | 6161     | 13096         | 47                  
|   LUT-FF pairs           | 1521     | 13096         | 12                  
| Use of CLMS              | 1079     | 1110          | 97                  
|   FF                     | 2        | 6660          | 1                   
|   LUT                    | 1731     | 4440          | 39                  
|   LUT-FF pairs           | 2        | 4440          | 1                   
|   Distributed RAM        | 1728     | 4440          | 39                  
| Use of CRYSTAL           | 0        | 6             | 0                   
| Use of DLL               | 0        | 6             | 0                   
| Use of DQSL              | 0        | 18            | 0                   
| Use of DRM               | 0        | 48            | 0                   
| Use of FLSIF             | 0        | 1             | 0                   
| Use of FUSECODE          | 0        | 1             | 0                   
| Use of HARD0N1           | 0        | 2745          | 0                   
| Use of HMEMC             | 0        | 2             | 0                   
| Use of IO                | 34       | 240           | 14                  
|   IOBD                   | 19       | 120           | 16                  
|   IOBR                   | 1        | 6             | 17                  
|   IOBS                   | 14       | 114           | 12                  
| Use of IOCKDIV           | 0        | 12            | 0                   
| Use of IOCKDLY           | 0        | 24            | 0                   
| Use of IOCKGATE          | 0        | 12            | 0                   
| Use of IOCKGMUX_TEST     | 0        | 12            | 0                   
| Use of IOL               | 34       | 240           | 14                  
| Use of IPAL              | 0        | 1             | 0                   
| Use of MFG_TEST          | 0        | 1             | 0                   
| Use of OSC               | 0        | 1             | 0                   
| Use of PLL               | 0        | 6             | 0                   
| Use of PREGMUX_TEST      | 0        | 6             | 0                   
| Use of RCKB              | 5        | 24            | 21                  
| Use of RCKBMUX_TEST      | 0        | 12            | 0                   
| Use of RESCAL            | 0        | 6             | 0                   
| Use of SCANCHAIN         | 0        | 4             | 0                   
| Use of START             | 1        | 1             | 100                 
| Use of UDID              | 0        | 1             | 0                   
| Use of USCM              | 3        | 20            | 15                  
| Use of USCMMUX_TEST      | 0        | 20            | 0                   
| Use of VCKBMUX_TEST      | 0        | 12            | 0                   
+----------------------------------------------------------------------------+

Finished routing. (CPU time elapsed 0h:06m:38s)
Design 'tinyriscv_soc_top' has been placed and routed successfully.
Saving design to DB.
Action pnr: Real time elapsed is 409.000 sec
Action pnr: CPU time elapsed is 407.234 sec
Current time: Thu Nov 11 21:37:40 2021
Action pnr: Peak memory pool usage is 816,701,440 bytes
Finished placement and routing. (CPU time elapsed 0h:06m:39s)
