#Build: Fabric Compiler 2020.3, Build 62942, Sep 29 13:34 2020
#Install: D:\PDS_2020.3\bin
#Application name: pds_shell.exe
#OS: Windows 10 10.0.19042
#Hostname: LAPTOP-3V5IT220
Generated by Fabric Compiler (version 2020.3 build 62942) at Sat Oct 30 18:20:30 2021
Compiling verification operator library.
Compiling common defs.
Loading technology operator library.
Compiling technology operator library.
Compiling technology operator (valence) library.
Compiling operator packing rules.
Compiling prim grid devices.
Compiling gate devices.
Compiling gate operators.
Compiling tech operator impls.
Building architecture model.
Loading device packaging model 'MBG324'.
I: Parameter configuration file E:/My_Document/WSJ_Master/Competition/FPGA_Design_Conpetition/my_PDS_code/my_riscv_soc_10.29/testparam.txt cannot open.
Reading design from translate DB.
Flattening design 'tinyriscv_soc_top'
Device mapping started.
Optimizing circuit logic.
Checking design netlist.
Processing tech operator.
I: The instance clkbufg_0(GTP_CLKBUFG) has been inserted on the net nt_jtag_TCK in design, driver pin O(instance jtag_TCK_ibuf) -> load pin I(instance u_jtag_top/u_jtag_driver/N260).
I: The instance clkbufg_1(GTP_CLKBUFG) has been inserted on the net nt_clk in design, driver pin O(instance clk_ibuf) -> load pin CLK(instance gpio_0/gpio_ctrl[0]).
Converting tech operator to gate operator.
Processing gate operator.
W: Adm-4021: The attribute '.pap_unconnected_inputs' of object 'top_dht22_inst/HEX8_inst/N50_3[1]_muxf6' is overwritten by new value.
W: Adm-4021: The attribute '.pap_unconnected_inputs' of object 'top_dht22_inst/HEX8_inst/N50_3[2]_muxf6' is overwritten by new value.
W: Adm-4021: The attribute '.pap_unconnected_inputs' of object 'top_dht22_inst/HEX8_inst/N50_3[4]_muxf6' is overwritten by new value.
W: Adm-4021: The attribute '.pap_unconnected_inputs' of object 'top_dht22_inst/HEX8_inst/N50_3[5]_muxf6' is overwritten by new value.
W: Adm-4021: The attribute '.pap_unconnected_inputs' of object 'top_dht22_inst/HEX8_inst/N50_3[6]_muxf6' is overwritten by new value.
W: Adm-4021: The attribute '.pap_unconnected_inputs' of object 'top_dht22_inst/hc05_top_inst/uart_tx_inst/N69_11_muxf6' is overwritten by new value.
W: Adm-4021: The attribute '.pap_unconnected_inputs' of object 'top_dht22_inst/hc05_top_inst/uart_tx_inst/N69_11_muxf6' is overwritten by new value.
W: Adm-4021: The attribute '.pap_unconnected_inputs' of object 'top_dht22_inst/hc05_top_inst/uart_tx_inst/baud_cnt[1]/opit_0_inv_A2Q1' is overwritten by new value.
W: Adm-4021: The attribute '.pap_unconnected_inputs' of object 'top_dht22_inst/hc05_top_inst/uart_tx_inst/baud_cnt[2]/opit_0_inv_A2Q0' is overwritten by new value.
W: Adm-4021: The attribute '.pap_unconnected_inputs' of object 'top_dht22_inst/hc05_top_inst/uart_tx_inst/baud_cnt[3]/opit_0_inv_A2Q21' is overwritten by new value.
W: Adm-4021: The attribute '.pap_unconnected_inputs' of object 'top_dht22_inst/hc05_top_inst/uart_tx_inst/baud_cnt[4]/opit_0_inv_A2Q0' is overwritten by new value.
W: Adm-4021: The attribute '.pap_unconnected_inputs' of object 'top_dht22_inst/hc05_top_inst/uart_tx_inst/baud_cnt[5]/opit_0_inv_A2Q21' is overwritten by new value.
W: Adm-4021: The attribute '.pap_unconnected_inputs' of object 'top_dht22_inst/hc05_top_inst/uart_tx_inst/baud_cnt[6]/opit_0_inv_A2Q0' is overwritten by new value.
W: Adm-4021: The attribute '.pap_unconnected_inputs' of object 'top_dht22_inst/hc05_top_inst/uart_tx_inst/baud_cnt[7]/opit_0_inv_A2Q21' is overwritten by new value.
W: Adm-4021: The attribute '.pap_unconnected_inputs' of object 'top_dht22_inst/hc05_top_inst/uart_tx_inst/baud_cnt[8]/opit_0_inv_A2Q0' is overwritten by new value.
W: Adm-4021: The attribute '.pap_unconnected_inputs' of object 'top_dht22_inst/hc05_top_inst/uart_tx_inst/baud_cnt[9]/opit_0_inv_A2Q21' is overwritten by new value.
W: Adm-4021: The attribute '.pap_unconnected_inputs' of object 'top_dht22_inst/hc05_top_inst/uart_tx_inst/baud_cnt[10]/opit_0_inv_A2Q0' is overwritten by new value.
W: Adm-4021: The attribute '.pap_unconnected_inputs' of object 'top_dht22_inst/hc05_top_inst/uart_tx_inst/baud_cnt[11]/opit_0_inv_A2Q21' is overwritten by new value.
W: Adm-4021: The attribute '.pap_unconnected_inputs' of object 'top_dht22_inst/hc05_top_inst/uart_tx_inst/baud_cnt[12]/opit_0_inv_AQ' is overwritten by new value.
W: Adm-4021: The attribute '.pap_unconnected_inputs' of object 'top_dht22_inst/hc05_top_inst/uart_tx_inst/bit_cnt[0]/opit_0_inv_L5Q' is overwritten by new value.
W: Adm-4021: The attribute '.pap_unconnected_inputs' of object 'top_dht22_inst/hc05_top_inst/uart_tx_inst/bit_cnt[1]/opit_0_inv_L5Q' is overwritten by new value.
W: Adm-4021: The attribute '.pap_unconnected_inputs' of object 'top_dht22_inst/hc05_top_inst/uart_tx_inst/bit_cnt[2]/opit_0_inv_L5Q' is overwritten by new value.
W: Adm-4021: The attribute '.pap_unconnected_inputs' of object 'top_dht22_inst/hc05_top_inst/uart_tx_inst/bit_cnt[3]/opit_0_inv_L5Q' is overwritten by new value.
W: Adm-4021: The attribute '.pap_unconnected_inputs' of object 'top_dht22_inst/hc05_top_inst/uart_tx_inst/bit_flag/opit_0_inv_L5Q' is overwritten by new value.
W: Adm-4021: The attribute '.pap_unconnected_inputs' of object 'top_dht22_inst/hc05_top_inst/uart_tx_inst/flag_cnt9/opit_0_inv_L5Q' is overwritten by new value.
W: Adm-4021: The attribute '.pap_unconnected_inputs' of object 'top_dht22_inst/hc05_top_inst/uart_tx_inst/tx/opit_0_inv_MUX4TO1Q' is overwritten by new value.
W: Adm-4021: The attribute '.pap_unconnected_inputs' of object 'top_dht22_inst/hc05_top_inst/uart_tx_inst/work_en/opit_0_inv_L5Q' is overwritten by new value.
W: Adm-4021: The attribute '.pap_unconnected_inputs' of object 'top_dht22_inst/hc05_top_inst/uart_tx_inst/baud_cnt[0]/opit_0_inv_A2Q20' is overwritten by new value.
Device mapping done.
Total device mapping takes 1.875000 sec.

Device Utilization Summary:
+-------------------------------------------------------------------------+
| Logic Utilization     | Used     | Available     | Utilization(%)     
+-------------------------------------------------------------------------+
| APM                   | 4        | 30            | 14                  
| IOCKDLY               | 0        | 24            | 0                   
| FF                    | 2224     | 26304         | 9                   
| LUT                   | 7676     | 17536         | 44                  
| Distributed RAM       | 1728     | 4440          | 39                  
| DLL                   | 0        | 6             | 0                   
| DQSL                  | 0        | 18            | 0                   
| DRM                   | 0        | 48            | 0                   
| FUSECODE              | 0        | 1             | 0                   
| IO                    | 36       | 240           | 15                  
| IOCKDIV               | 0        | 12            | 0                   
| IOCKGATE              | 0        | 12            | 0                   
| IPAL                  | 0        | 1             | 0                   
| PLL                   | 0        | 6             | 0                   
| RCKB                  | 0        | 24            | 0                   
| SCANCHAIN             | 0        | 4             | 0                   
| START                 | 0        | 1             | 0                   
| USCM                  | 2        | 20            | 10                  
| HMEMC                 | 0        | 2             | 0                   
| OSC                   | 0        | 1             | 0                   
| ADC                   | 0        | 1             | 0                   
| CRYSTAL               | 0        | 6             | 0                   
| FLSIF                 | 0        | 1             | 0                   
| RESCAL                | 0        | 6             | 0                   
| UDID                  | 0        | 1             | 0                   
+-------------------------------------------------------------------------+

Design 'tinyriscv_soc_top' has been successfully mapped to architecture-specific objects.
Saving design to DB.
W: Public-4010: Pcf file E:/My_Document/WSJ_Master/Competition/FPGA_Design_Conpetition/my_PDS_code/my_riscv_soc_10.29/device_map/tinyriscv_soc_top.pcf has been covered.
Action dev_map: Real time elapsed is 7.000 sec
Action dev_map: CPU time elapsed is 5.766 sec
Current time: Sat Oct 30 18:20:36 2021
Action dev_map: Peak memory pool usage is 242,003,968 bytes
